<?xml version="1.0" encoding="UTF-8"?>
<testsuites name="RegressionSuite" time="2209" tests="4" failures="1" errors="0">
   <testsuite name="RegressionSuite" tests="4" failures="1" errors="0" time="2209" timestamp="2018-06-11 15:41:26" hostname="shalinin - NIBC2129.nousinfo.com" id="Test Suites/RegressionSuite">
      <properties>
         <property name="deviceName" value=""/>
         <property name="devicePlatform" value=""/>
         <property name="logFolder" value="C:\\Users\\shalinin\\Katalon Studio\\HME_Scripts\\Reports\\RegressionSuite\\20180611_154124"/>
         <property name="logFiles" value="C:\\Users\\shalinin\\Katalon Studio\\HME_Scripts\\Reports\\RegressionSuite\\20180611_154124\\execution0.log"/>
         <property name="attachments" value="C:\\Users\\shalinin\\Katalon Studio\\HME_Scripts\\Reports\\RegressionSuite\\20180611_154124\\1528713811963.png"/>
         <property name="hostName" value="shalinin - NIBC2129.nousinfo.com"/>
         <property name="os" value="Windows 7 64bit"/>
         <property name="katalonVersion" value="5.3.1.1"/>
         <property name="browser" value="Chrome 67.0.3396.79"/>
         <property name="hostAddress" value="192.168.24.174"/>
         <property name="sessionId" value="37597384470fb95a8b82c6c0f885dd31"/>
         <property name="seleniumVersion" value="3.7.1"/>
         <property name="proxyInformation" value="ProxyInformation{proxyOption=NO_PROXY, proxyServerType=HTTP, password=, proxyServerAddress=, proxyServerPort=0}"/>
         <property name="platform" value="Windows 7"/>
      </properties>
      <testcase name="Test Cases/MasqueradeTC/HME-Masquerade-06" classname="Test Cases/MasqueradeTC/HME-Masquerade-06" status="PASSED">
         <system-out><![CDATA[2018-06-11 15:41:27 - [TEST_CASE][PASSED] - Test Cases/MasqueradeTC/HME-Masquerade-06: Browser is closed

2018-06-11 15:41:27 - [TEST_STEP][PASSED] - Start listener action : sampleBeforeTestCase: uiaction.CommonUIActions.deleteAllCookies is PASSED

2018-06-11 15:41:27 - [TEST_STEP][PASSED] - openBrowser: Browser is opened with url: ''

2018-06-11 15:41:30 - [MESSAGE][PASSED] - Browser is opened with url: ''

2018-06-11 15:41:30 - [TEST_STEP][PASSED] - maximizeWindow: Current window maximized

2018-06-11 15:41:31 - [MESSAGE][PASSED] - Current window maximized

2018-06-11 15:41:31 - [TEST_STEP][PASSED] - uiaction.CommonUIActions.deleteAllCookies: uiaction.CommonUIActions.deleteAllCookies is PASSED

2018-06-11 15:41:31 - [MESSAGE][PASSED] - Delete all cookies successfully

2018-06-11 15:41:31 - [MESSAGE][PASSED] - uiaction.CommonUIActions.deleteAllCookies is PASSED

2018-06-11 15:41:31 - [TEST_STEP][PASSED] - Statement - TCflag = true: null

2018-06-11 15:41:31 - [TEST_STEP][PASSED] - Statement - Try: uiaction.CommonUIActions.click is PASSED

2018-06-11 15:41:31 - [TEST_STEP][PASSED] - navigateToUrl: Navigate to 'https://hme-dev-public-cloud-app.azurewebsites.net/admin' successfully

2018-06-11 15:41:34 - [MESSAGE][PASSED] - Navigate to 'https://hme-dev-public-cloud-app.azurewebsites.net/admin' successfully

2018-06-11 15:41:34 - [TEST_STEP][PASSED] - delay: Delayed 15 second(s)

2018-06-11 15:41:49 - [MESSAGE][PASSED] - Delayed 15 second(s)

2018-06-11 15:41:49 - [TEST_STEP][PASSED] - Statement - driver = com.kms.katalon.core.webui.driver.DriverFactory.getWebDriver(): null

2018-06-11 15:41:49 - [TEST_STEP][PASSED] - projectSpecific.Reusability.login: projectSpecific.Reusability.login is PASSED

2018-06-11 15:41:50 - [MESSAGE][PASSED] - projectSpecific.Reusability.getTestData is PASSED

2018-06-11 15:41:50 - [MESSAGE][PASSED] - projectSpecific.Reusability.getTestData is PASSED

2018-06-11 15:41:50 - [MESSAGE][PASSED] - Text 'nous-abhradipr@hme.com' is set on object 'Object Repository/LoginPage/Username'

2018-06-11 15:41:50 - [MESSAGE][PASSED] - Text '6Qt*qmL88' is set on object 'Object Repository/LoginPage/Password'

2018-06-11 15:41:51 - [MESSAGE][PASSED] - Object: 'Object Repository/LoginPage/Login' is clicked on

2018-06-11 15:41:51 - [MESSAGE][PASSED] - projectSpecific.Reusability.login is PASSED

2018-06-11 15:41:51 - [TEST_STEP][PASSED] - delay: Delayed 15 second(s)

2018-06-11 15:42:06 - [MESSAGE][PASSED] - Delayed 15 second(s)

2018-06-11 15:42:06 - [TEST_STEP][PASSED] - verifyElementPresent: Object 'Object Repository/HomePage/loggedinUser' is present

2018-06-11 15:42:09 - [MESSAGE][PASSED] - Object 'Object Repository/HomePage/loggedinUser' is present

2018-06-11 15:42:09 - [TEST_STEP][PASSED] - Statement - loggedInUser = CustomKeywords.uiaction.CommonUIActions.getText(com.kms.katalon.core.testobject.ObjectRepository.findTestObject(HomePage/loggedinUser)): uiaction.CommonUIActions.getText is PASSED

2018-06-11 15:42:10 - [MESSAGE][PASSED] - uiaction.CommonUIActions.getText is PASSED

2018-06-11 15:42:10 - [TEST_STEP][PASSED] - Statement - loggedInUser = loggedInUser.trim(): null

2018-06-11 15:42:10 - [TEST_STEP][PASSED] - Statement - loggedinText = CustomKeywords.projectSpecific.Reusability.getTestData("HomePage", "loggedinText"): projectSpecific.Reusability.getTestData is PASSED

2018-06-11 15:42:10 - [MESSAGE][PASSED] - projectSpecific.Reusability.getTestData is PASSED

2018-06-11 15:42:10 - [TEST_STEP][PASSED] - Statement - If (loggedInUser.equals(loggedinText)): null

2018-06-11 15:42:10 - [TEST_STEP][PASSED] - uiaction.CommonUIActions.click: uiaction.CommonUIActions.click is PASSED

2018-06-11 15:42:11 - [MESSAGE][PASSED] - uiaction.CommonUIActions.click is PASSED

2018-06-11 15:42:11 - [TEST_STEP][PASSED] - delay: Delayed 10 second(s)

2018-06-11 15:42:21 - [MESSAGE][PASSED] - Delayed 10 second(s)

2018-06-11 15:42:21 - [TEST_STEP][PASSED] - Statement - searchUserText2 = CustomKeywords.projectSpecific.Reusability.getTestData("UsersPage", "userSearchText2"): projectSpecific.Reusability.getTestData is PASSED

2018-06-11 15:42:21 - [MESSAGE][PASSED] - projectSpecific.Reusability.getTestData is PASSED

2018-06-11 15:42:21 - [TEST_STEP][PASSED] - uiaction.CommonUIActions.enter: uiaction.CommonUIActions.enter is PASSED

2018-06-11 15:42:21 - [MESSAGE][PASSED] - uiaction.CommonUIActions.enter is PASSED

2018-06-11 15:42:21 - [TEST_STEP][PASSED] - uiaction.CommonUIActions.click: uiaction.CommonUIActions.click is PASSED

2018-06-11 15:42:21 - [MESSAGE][PASSED] - uiaction.CommonUIActions.click is PASSED

2018-06-11 15:42:21 - [TEST_STEP][PASSED] - delay: Delayed 10 second(s)

2018-06-11 15:42:31 - [MESSAGE][PASSED] - Delayed 10 second(s)

2018-06-11 15:42:31 - [TEST_STEP][PASSED] - uiaction.CommonUIActions.click: uiaction.CommonUIActions.click is PASSED

2018-06-11 15:42:34 - [MESSAGE][PASSED] - uiaction.CommonUIActions.click is PASSED

2018-06-11 15:42:34 - [TEST_STEP][PASSED] - refresh: Refresh successfully

2018-06-11 15:42:34 - [MESSAGE][PASSED] - Refresh successfully

2018-06-11 15:42:34 - [TEST_STEP][PASSED] - delay: Delayed 15 second(s)

2018-06-11 15:42:49 - [MESSAGE][PASSED] - Delayed 15 second(s)

2018-06-11 15:42:49 - [TEST_STEP][PASSED] - Statement - viewAsUser = CustomKeywords.uiaction.CommonUIActions.getText(com.kms.katalon.core.testobject.ObjectRepository.findTestObject(UsersPage/viewAsUserText)): uiaction.CommonUIActions.getText is PASSED

2018-06-11 15:42:49 - [MESSAGE][PASSED] - uiaction.CommonUIActions.getText is PASSED

2018-06-11 15:42:49 - [TEST_STEP][PASSED] - Statement - viewAsUser = viewAsUser.trim(): null

2018-06-11 15:42:49 - [TEST_STEP][PASSED] - Statement - viewAsUserText = CustomKeywords.projectSpecific.Reusability.getTestData("HomePage", "viewAsUserText"): projectSpecific.Reusability.getTestData is PASSED

2018-06-11 15:42:49 - [MESSAGE][PASSED] - projectSpecific.Reusability.getTestData is PASSED

2018-06-11 15:42:49 - [TEST_STEP][PASSED] - Statement - If (viewAsUser.equals(viewAsUserText)): null

2018-06-11 15:42:49 - [TEST_STEP][PASSED] - delay: Delayed 10 second(s)

2018-06-11 15:42:59 - [MESSAGE][PASSED] - Delayed 10 second(s)

2018-06-11 15:42:59 - [TEST_STEP][PASSED] - uiaction.CommonUIActions.click: uiaction.CommonUIActions.click is PASSED

2018-06-11 15:43:01 - [MESSAGE][PASSED] - uiaction.CommonUIActions.click is PASSED

2018-06-11 15:43:01 - [TEST_STEP][PASSED] - delay: Delayed 10 second(s)

2018-06-11 15:43:11 - [MESSAGE][PASSED] - Delayed 10 second(s)

2018-06-11 15:43:11 - [TEST_STEP][PASSED] - uiaction.CommonUIActions.click: uiaction.CommonUIActions.click is PASSED

2018-06-11 15:43:11 - [MESSAGE][PASSED] - uiaction.CommonUIActions.click is PASSED

2018-06-11 15:43:11 - [TEST_STEP][PASSED] - delay: Delayed 10 second(s)

2018-06-11 15:43:21 - [MESSAGE][PASSED] - Delayed 10 second(s)

2018-06-11 15:43:21 - [TEST_STEP][PASSED] - verifyElementPresent: Object 'Object Repository/UsersPage/users' is present

2018-06-11 15:43:21 - [MESSAGE][PASSED] - Object 'Object Repository/UsersPage/users' is present

2018-06-11 15:43:21 - [TEST_STEP][PASSED] - verifyElementPresent: Object 'Object Repository/UsersPage/viewEditButton' is present

2018-06-11 15:43:21 - [MESSAGE][PASSED] - Object 'Object Repository/UsersPage/viewEditButton' is present

2018-06-11 15:43:21 - [TEST_STEP][PASSED] - delay: Delayed 5 second(s)

2018-06-11 15:43:26 - [MESSAGE][PASSED] - Delayed 5 second(s)

2018-06-11 15:43:26 - [TEST_STEP][PASSED] - Statement - userList = driver.findElements(org.openqa.selenium.By.xpath(com.kms.katalon.core.testdata.TestDataFactory.findTestData(OR_file).getValue(2, 19))): Reading excel file with source file 'C:\Users\shalinin\Katalon Studio\HME_Scripts\Data Files\HME_OR.xlsx' and sheet name 'Sheet1'

2018-06-11 15:43:26 - [TEST_STEP][PASSED] - Statement - size1 = userList.size(): null

2018-06-11 15:43:26 - [TEST_STEP][PASSED] - Statement - If (size1 <= 0): null

2018-06-11 15:43:26 - [TEST_STEP][PASSED] - Statement - Else: null

2018-06-11 15:43:26 - [TEST_STEP][PASSED] - Statement - out.println("User List is displayed"): null

2018-06-11 15:43:26 - [TEST_STEP][PASSED] - uiaction.CommonUIActions.click: uiaction.CommonUIActions.click is PASSED

2018-06-11 15:43:28 - [MESSAGE][PASSED] - uiaction.CommonUIActions.click is PASSED

2018-06-11 15:43:28 - [TEST_STEP][PASSED] - delay: Delayed 10 second(s)

2018-06-11 15:43:38 - [MESSAGE][PASSED] - Delayed 10 second(s)

2018-06-11 15:43:38 - [TEST_STEP][PASSED] - verifyElementPresent: Object 'Object Repository/StorePage/storeListHeading2' is present

2018-06-11 15:43:38 - [MESSAGE][PASSED] - Object 'Object Repository/StorePage/storeListHeading2' is present

2018-06-11 15:43:38 - [TEST_STEP][PASSED] - uiaction.CommonUIActions.click: uiaction.CommonUIActions.click is PASSED

2018-06-11 15:43:40 - [MESSAGE][PASSED] - uiaction.CommonUIActions.click is PASSED

2018-06-11 15:43:40 - [TEST_STEP][PASSED] - delay: Delayed 10 second(s)

2018-06-11 15:43:50 - [MESSAGE][PASSED] - Delayed 10 second(s)

2018-06-11 15:43:50 - [TEST_STEP][PASSED] - uiaction.CommonUIActions.click: uiaction.CommonUIActions.click is PASSED

2018-06-11 15:43:50 - [MESSAGE][PASSED] - uiaction.CommonUIActions.click is PASSED

2018-06-11 15:43:50 - [TEST_STEP][PASSED] - delay: Delayed 10 second(s)

2018-06-11 15:44:00 - [MESSAGE][PASSED] - Delayed 10 second(s)

2018-06-11 15:44:00 - [TEST_STEP][PASSED] - Statement - searchUserText2 = CustomKeywords.projectSpecific.Reusability.getTestData("UsersPage", "userSearchText2"): projectSpecific.Reusability.getTestData is PASSED

2018-06-11 15:44:00 - [MESSAGE][PASSED] - projectSpecific.Reusability.getTestData is PASSED

2018-06-11 15:44:00 - [TEST_STEP][PASSED] - uiaction.CommonUIActions.enter: uiaction.CommonUIActions.enter is PASSED

2018-06-11 15:44:01 - [MESSAGE][PASSED] - uiaction.CommonUIActions.enter is PASSED

2018-06-11 15:44:01 - [TEST_STEP][PASSED] - uiaction.CommonUIActions.click: uiaction.CommonUIActions.click is PASSED

2018-06-11 15:44:01 - [MESSAGE][PASSED] - uiaction.CommonUIActions.click is PASSED

2018-06-11 15:44:01 - [TEST_STEP][PASSED] - delay: Delayed 10 second(s)

2018-06-11 15:44:11 - [MESSAGE][PASSED] - Delayed 10 second(s)

2018-06-11 15:44:11 - [TEST_STEP][PASSED] - uiaction.CommonUIActions.click: uiaction.CommonUIActions.click is PASSED

2018-06-11 15:44:12 - [MESSAGE][PASSED] - uiaction.CommonUIActions.click is PASSED

2018-06-11 15:44:12 - [TEST_STEP][PASSED] - delay: Delayed 15 second(s)

2018-06-11 15:44:27 - [MESSAGE][PASSED] - Delayed 15 second(s)

2018-06-11 15:44:27 - [TEST_STEP][PASSED] - uiaction.CommonUIActions.click: uiaction.CommonUIActions.click is PASSED

2018-06-11 15:44:31 - [MESSAGE][PASSED] - uiaction.CommonUIActions.click is PASSED

2018-06-11 15:44:31 - [TEST_STEP][PASSED] - delay: Delayed 10 second(s)

2018-06-11 15:44:41 - [MESSAGE][PASSED] - Delayed 10 second(s)

2018-06-11 15:44:41 - [TEST_STEP][PASSED] - Statement - dashboardHeading = CustomKeywords.uiaction.CommonUIActions.getText(com.kms.katalon.core.testobject.ObjectRepository.findTestObject(DashBoardPage/dashboardHeading)): uiaction.CommonUIActions.getText is PASSED

2018-06-11 15:44:41 - [MESSAGE][PASSED] - uiaction.CommonUIActions.getText is PASSED

2018-06-11 15:44:41 - [TEST_STEP][PASSED] - Statement - dashboardHeading = dashboardHeading.trim(): null

2018-06-11 15:44:41 - [TEST_STEP][PASSED] - Statement - dashboardHeadingText = CustomKeywords.projectSpecific.Reusability.getTestData("UsersPage", "dashboardHeadingText"): projectSpecific.Reusability.getTestData is PASSED

2018-06-11 15:44:41 - [MESSAGE][PASSED] - projectSpecific.Reusability.getTestData is PASSED

2018-06-11 15:44:41 - [TEST_STEP][PASSED] - Statement - If (dashboardHeading.equals(dashboardHeadingText)): null

2018-06-11 15:44:41 - [TEST_STEP][PASSED] - verifyElementPresent: Object 'Object Repository/DashBoardPage/dashBoardStoreList' is present

2018-06-11 15:44:41 - [MESSAGE][PASSED] - Object 'Object Repository/DashBoardPage/dashBoardStoreList' is present

2018-06-11 15:44:41 - [TEST_STEP][PASSED] - Statement - dayHighlighted = com.kms.katalon.core.webui.keyword.WebUiBuiltInKeywords.getCSSValue(com.kms.katalon.core.testobject.ObjectRepository.findTestObject(DashBoardPage/dayPartLink), "cursor"): Get CSS 'cursor' value on 'Object Repository/DashBoardPage/dayPartLink' successfully: 'default'.

2018-06-11 15:44:41 - [MESSAGE][PASSED] - Get CSS 'cursor' value on 'Object Repository/DashBoardPage/dayPartLink' successfully: 'default'.

2018-06-11 15:44:41 - [TEST_STEP][PASSED] - Statement - If (dayHighlighted.contains("default")): null

2018-06-11 15:44:41 - [TEST_STEP][PASSED] - Statement - out.println("Day Part dashboard will be shown by default"): null

2018-06-11 15:44:41 - [TEST_STEP][PASSED] - delay: Delayed 10 second(s)

2018-06-11 15:44:51 - [MESSAGE][PASSED] - Delayed 10 second(s)

2018-06-11 15:44:51 - [TEST_STEP][PASSED] - uiaction.CommonUIActions.click: uiaction.CommonUIActions.click is PASSED

2018-06-11 15:44:52 - [MESSAGE][PASSED] - uiaction.CommonUIActions.click is PASSED

2018-06-11 15:44:52 - [TEST_STEP][PASSED] - delay: Delayed 10 second(s)

2018-06-11 15:45:02 - [MESSAGE][PASSED] - Delayed 10 second(s)

2018-06-11 15:45:02 - [TEST_STEP][PASSED] - Statement - rollingHourHeading = CustomKeywords.uiaction.CommonUIActions.getText(com.kms.katalon.core.testobject.ObjectRepository.findTestObject(DashBoardPage/reportHeading)): uiaction.CommonUIActions.getText is PASSED

2018-06-11 15:45:02 - [MESSAGE][PASSED] - uiaction.CommonUIActions.getText is PASSED

2018-06-11 15:45:02 - [TEST_STEP][PASSED] - Statement - rollingHourHeading = rollingHourHeading.trim(): null

2018-06-11 15:45:02 - [TEST_STEP][PASSED] - Statement - rollingHourHeadingText = CustomKeywords.projectSpecific.Reusability.getTestData("UsersPage", "rollingHourHeadingText"): projectSpecific.Reusability.getTestData is PASSED

2018-06-11 15:45:02 - [MESSAGE][PASSED] - projectSpecific.Reusability.getTestData is PASSED

2018-06-11 15:45:02 - [TEST_STEP][PASSED] - Statement - If (rollingHourHeading.equals(rollingHourHeadingText)): null

2018-06-11 15:45:02 - [TEST_STEP][PASSED] - verifyElementPresent: Object 'Object Repository/DashBoardPage/dashBoardStoreList' is present

2018-06-11 15:45:02 - [MESSAGE][PASSED] - Object 'Object Repository/DashBoardPage/dashBoardStoreList' is present

2018-06-11 15:45:02 - [TEST_STEP][PASSED] - delay: Delayed 10 second(s)

2018-06-11 15:45:12 - [MESSAGE][PASSED] - Delayed 10 second(s)

2018-06-11 15:45:12 - [TEST_STEP][PASSED] - uiaction.CommonUIActions.click: uiaction.CommonUIActions.click is PASSED

2018-06-11 15:45:13 - [MESSAGE][PASSED] - uiaction.CommonUIActions.click is PASSED

2018-06-11 15:45:13 - [TEST_STEP][PASSED] - delay: Delayed 10 second(s)

2018-06-11 15:45:23 - [MESSAGE][PASSED] - Delayed 10 second(s)

2018-06-11 15:45:23 - [TEST_STEP][PASSED] - Statement - hourHeading = CustomKeywords.uiaction.CommonUIActions.getText(com.kms.katalon.core.testobject.ObjectRepository.findTestObject(DashBoardPage/reportHeading)): uiaction.CommonUIActions.getText is PASSED

2018-06-11 15:45:23 - [MESSAGE][PASSED] - uiaction.CommonUIActions.getText is PASSED

2018-06-11 15:45:23 - [TEST_STEP][PASSED] - Statement - hourHeading = hourHeading.trim(): null

2018-06-11 15:45:23 - [TEST_STEP][PASSED] - Statement - hourHeadingText = CustomKeywords.projectSpecific.Reusability.getTestData("UsersPage", "hourHeadingText"): projectSpecific.Reusability.getTestData is PASSED

2018-06-11 15:45:23 - [MESSAGE][PASSED] - projectSpecific.Reusability.getTestData is PASSED

2018-06-11 15:45:23 - [TEST_STEP][PASSED] - Statement - If (hourHeading.equals(hourHeadingText)): null

2018-06-11 15:45:23 - [TEST_STEP][PASSED] - verifyElementPresent: Object 'Object Repository/DashBoardPage/dashBoardStoreList' is present

2018-06-11 15:45:23 - [MESSAGE][PASSED] - Object 'Object Repository/DashBoardPage/dashBoardStoreList' is present

2018-06-11 15:45:23 - [TEST_STEP][PASSED] - delay: Delayed 10 second(s)

2018-06-11 15:45:33 - [MESSAGE][PASSED] - Delayed 10 second(s)

2018-06-11 15:45:33 - [TEST_STEP][PASSED] - uiaction.CommonUIActions.click: uiaction.CommonUIActions.click is PASSED

2018-06-11 15:45:34 - [MESSAGE][PASSED] - uiaction.CommonUIActions.click is PASSED

2018-06-11 15:45:34 - [TEST_STEP][PASSED] - delay: Delayed 10 second(s)

2018-06-11 15:45:44 - [MESSAGE][PASSED] - Delayed 10 second(s)

2018-06-11 15:45:44 - [TEST_STEP][PASSED] - Statement - dayPartHeading = CustomKeywords.uiaction.CommonUIActions.getText(com.kms.katalon.core.testobject.ObjectRepository.findTestObject(DashBoardPage/reportHeading)): uiaction.CommonUIActions.getText is PASSED

2018-06-11 15:45:44 - [MESSAGE][PASSED] - uiaction.CommonUIActions.getText is PASSED

2018-06-11 15:45:44 - [TEST_STEP][PASSED] - Statement - dayPartHeading = dayPartHeading.trim(): null

2018-06-11 15:45:44 - [TEST_STEP][PASSED] - Statement - dayPartHeadingText = CustomKeywords.projectSpecific.Reusability.getTestData("UsersPage", "dayPartText"): projectSpecific.Reusability.getTestData is PASSED

2018-06-11 15:45:44 - [MESSAGE][PASSED] - projectSpecific.Reusability.getTestData is PASSED

2018-06-11 15:45:44 - [TEST_STEP][PASSED] - Statement - If (dayPartHeading.equals(dayPartHeadingText)): null

2018-06-11 15:45:44 - [TEST_STEP][PASSED] - verifyElementPresent: Object 'Object Repository/DashBoardPage/dashBoardStoreList' is present

2018-06-11 15:45:44 - [MESSAGE][PASSED] - Object 'Object Repository/DashBoardPage/dashBoardStoreList' is present

2018-06-11 15:45:44 - [TEST_STEP][PASSED] - delay: Delayed 10 second(s)

2018-06-11 15:45:54 - [MESSAGE][PASSED] - Delayed 10 second(s)

2018-06-11 15:45:54 - [TEST_STEP][PASSED] - uiaction.CommonUIActions.click: uiaction.CommonUIActions.click is PASSED

2018-06-11 15:45:55 - [MESSAGE][PASSED] - uiaction.CommonUIActions.click is PASSED

2018-06-11 15:45:55 - [TEST_STEP][PASSED] - delay: Delayed 10 second(s)

2018-06-11 15:46:05 - [MESSAGE][PASSED] - Delayed 10 second(s)

2018-06-11 15:46:05 - [TEST_STEP][PASSED] - Statement - weekHeading = CustomKeywords.uiaction.CommonUIActions.getText(com.kms.katalon.core.testobject.ObjectRepository.findTestObject(DashBoardPage/reportHeading)): uiaction.CommonUIActions.getText is PASSED

2018-06-11 15:46:05 - [MESSAGE][PASSED] - uiaction.CommonUIActions.getText is PASSED

2018-06-11 15:46:05 - [TEST_STEP][PASSED] - Statement - weekHeading = weekHeading.trim(): null

2018-06-11 15:46:05 - [TEST_STEP][PASSED] - Statement - weekHeadingText = CustomKeywords.projectSpecific.Reusability.getTestData("UsersPage", "weekText"): projectSpecific.Reusability.getTestData is PASSED

2018-06-11 15:46:05 - [MESSAGE][PASSED] - projectSpecific.Reusability.getTestData is PASSED

2018-06-11 15:46:05 - [TEST_STEP][PASSED] - Statement - If (weekHeading.equals(weekHeadingText)): null

2018-06-11 15:46:05 - [TEST_STEP][PASSED] - verifyElementPresent: Object 'Object Repository/DashBoardPage/dashBoardStoreList' is present

2018-06-11 15:46:05 - [MESSAGE][PASSED] - Object 'Object Repository/DashBoardPage/dashBoardStoreList' is present

2018-06-11 15:46:05 - [TEST_STEP][PASSED] - delay: Delayed 10 second(s)

2018-06-11 15:46:15 - [MESSAGE][PASSED] - Delayed 10 second(s)

2018-06-11 15:46:15 - [TEST_STEP][PASSED] - uiaction.CommonUIActions.click: uiaction.CommonUIActions.click is PASSED

2018-06-11 15:46:17 - [MESSAGE][PASSED] - uiaction.CommonUIActions.click is PASSED

2018-06-11 15:46:17 - [TEST_STEP][PASSED] - delay: Delayed 10 second(s)

2018-06-11 15:46:27 - [MESSAGE][PASSED] - Delayed 10 second(s)

2018-06-11 15:46:27 - [TEST_STEP][PASSED] - Statement - monthHeading = CustomKeywords.uiaction.CommonUIActions.getText(com.kms.katalon.core.testobject.ObjectRepository.findTestObject(DashBoardPage/reportHeading)): uiaction.CommonUIActions.getText is PASSED

2018-06-11 15:46:27 - [MESSAGE][PASSED] - uiaction.CommonUIActions.getText is PASSED

2018-06-11 15:46:27 - [TEST_STEP][PASSED] - Statement - monthHeading = monthHeading.trim(): null

2018-06-11 15:46:27 - [TEST_STEP][PASSED] - Statement - monthHeadingText = CustomKeywords.projectSpecific.Reusability.getTestData("UsersPage", "monthText"): projectSpecific.Reusability.getTestData is PASSED

2018-06-11 15:46:27 - [MESSAGE][PASSED] - projectSpecific.Reusability.getTestData is PASSED

2018-06-11 15:46:27 - [TEST_STEP][PASSED] - Statement - If (monthHeading.equals(monthHeadingText)): null

2018-06-11 15:46:27 - [TEST_STEP][PASSED] - verifyElementPresent: Object 'Object Repository/DashBoardPage/dashBoardStoreList' is present

2018-06-11 15:46:27 - [MESSAGE][PASSED] - Object 'Object Repository/DashBoardPage/dashBoardStoreList' is present

2018-06-11 15:46:27 - [TEST_STEP][PASSED] - delay: Delayed 10 second(s)

2018-06-11 15:46:37 - [MESSAGE][PASSED] - Delayed 10 second(s)

2018-06-11 15:46:37 - [TEST_STEP][PASSED] - delay: Delayed 15 second(s)

2018-06-11 15:46:52 - [MESSAGE][PASSED] - Delayed 15 second(s)

2018-06-11 15:46:52 - [TEST_STEP][PASSED] - uiaction.CommonUIActions.click: uiaction.CommonUIActions.click is PASSED

2018-06-11 15:46:55 - [MESSAGE][PASSED] - uiaction.CommonUIActions.click is PASSED

2018-06-11 15:46:55 - [TEST_STEP][PASSED] - refresh: Refresh successfully

2018-06-11 15:46:56 - [MESSAGE][PASSED] - Refresh successfully

2018-06-11 15:46:56 - [TEST_STEP][PASSED] - delay: Delayed 15 second(s)

2018-06-11 15:47:11 - [MESSAGE][PASSED] - Delayed 15 second(s)

2018-06-11 15:47:11 - [TEST_STEP][PASSED] - uiaction.CommonUIActions.click: uiaction.CommonUIActions.click is PASSED

2018-06-11 15:47:11 - [MESSAGE][PASSED] - uiaction.CommonUIActions.click is PASSED

2018-06-11 15:47:11 - [TEST_STEP][PASSED] - Statement - reportStoreList = driver.findElements(org.openqa.selenium.By.xpath(com.kms.katalon.core.testdata.TestDataFactory.findTestData(OR_file).getValue(2, 25))): Reading excel file with source file 'C:\Users\shalinin\Katalon Studio\HME_Scripts\Data Files\HME_OR.xlsx' and sheet name 'Sheet1'

2018-06-11 15:47:11 - [TEST_STEP][PASSED] - Statement - reportStoreListSize = reportStoreList.size(): null

2018-06-11 15:47:11 - [TEST_STEP][PASSED] - Statement - index = 0: null

2018-06-11 15:47:11 - [TEST_STEP][PASSED] - Statement - pattern = java.util.regex.Pattern.compile("[0-9]+"): null

2018-06-11 15:47:11 - [TEST_STEP][PASSED] - Statement - count = 0: null

2018-06-11 15:47:11 - [TEST_STEP][PASSED] - Statement - For ([i = 0, i < reportStoreListSize, (i++)]): null

2018-06-11 15:47:11 - [TEST_STEP][PASSED] - Statement - txt = reportStoreList.get(i).getText(): null

2018-06-11 15:47:11 - [TEST_STEP][PASSED] - Statement - index = i + 1: null

2018-06-11 15:47:11 - [TEST_STEP][PASSED] - Statement - matched = pattern.matcher(txt).matches(): null

2018-06-11 15:47:11 - [TEST_STEP][PASSED] - Statement - If (matched): null

2018-06-11 15:47:11 - [TEST_STEP][PASSED] - Statement - txt = reportStoreList.get(i).getText(): null

2018-06-11 15:47:11 - [TEST_STEP][PASSED] - Statement - index = i + 1: null

2018-06-11 15:47:11 - [TEST_STEP][PASSED] - Statement - matched = pattern.matcher(txt).matches(): null

2018-06-11 15:47:11 - [TEST_STEP][PASSED] - Statement - If (matched): null

2018-06-11 15:47:11 - [TEST_STEP][PASSED] - Statement - txt = reportStoreList.get(i).getText(): null

2018-06-11 15:47:11 - [TEST_STEP][PASSED] - Statement - index = i + 1: null

2018-06-11 15:47:11 - [TEST_STEP][PASSED] - Statement - matched = pattern.matcher(txt).matches(): null

2018-06-11 15:47:11 - [TEST_STEP][PASSED] - Statement - If (matched): null

2018-06-11 15:47:11 - [TEST_STEP][PASSED] - Statement - txt = reportStoreList.get(i).getText(): null

2018-06-11 15:47:11 - [TEST_STEP][PASSED] - Statement - index = i + 1: null

2018-06-11 15:47:11 - [TEST_STEP][PASSED] - Statement - matched = pattern.matcher(txt).matches(): null

2018-06-11 15:47:11 - [TEST_STEP][PASSED] - Statement - If (matched): null

2018-06-11 15:47:11 - [TEST_STEP][PASSED] - Statement - txt = reportStoreList.get(i).getText(): null

2018-06-11 15:47:11 - [TEST_STEP][PASSED] - Statement - index = i + 1: null

2018-06-11 15:47:11 - [TEST_STEP][PASSED] - Statement - matched = pattern.matcher(txt).matches(): null

2018-06-11 15:47:11 - [TEST_STEP][PASSED] - Statement - If (matched): null

2018-06-11 15:47:11 - [TEST_STEP][PASSED] - Statement - txt = reportStoreList.get(i).getText(): null

2018-06-11 15:47:11 - [TEST_STEP][PASSED] - Statement - index = i + 1: null

2018-06-11 15:47:11 - [TEST_STEP][PASSED] - Statement - matched = pattern.matcher(txt).matches(): null

2018-06-11 15:47:11 - [TEST_STEP][PASSED] - Statement - If (matched): null

2018-06-11 15:47:11 - [TEST_STEP][PASSED] - Statement - txt = reportStoreList.get(i).getText(): null

2018-06-11 15:47:11 - [TEST_STEP][PASSED] - Statement - index = i + 1: null

2018-06-11 15:47:11 - [TEST_STEP][PASSED] - Statement - matched = pattern.matcher(txt).matches(): null

2018-06-11 15:47:11 - [TEST_STEP][PASSED] - Statement - If (matched): null

2018-06-11 15:47:11 - [TEST_STEP][PASSED] - Statement - txt = reportStoreList.get(i).getText(): null

2018-06-11 15:47:11 - [TEST_STEP][PASSED] - Statement - index = i + 1: null

2018-06-11 15:47:11 - [TEST_STEP][PASSED] - Statement - matched = pattern.matcher(txt).matches(): null

2018-06-11 15:47:11 - [TEST_STEP][PASSED] - Statement - If (matched): null

2018-06-11 15:47:11 - [TEST_STEP][PASSED] - Statement - txt = reportStoreList.get(i).getText(): null

2018-06-11 15:47:11 - [TEST_STEP][PASSED] - Statement - index = i + 1: null

2018-06-11 15:47:11 - [TEST_STEP][PASSED] - Statement - matched = pattern.matcher(txt).matches(): null

2018-06-11 15:47:11 - [TEST_STEP][PASSED] - Statement - If (matched): null

2018-06-11 15:47:11 - [TEST_STEP][PASSED] - Statement - txt = reportStoreList.get(i).getText(): null

2018-06-11 15:47:11 - [TEST_STEP][PASSED] - Statement - index = i + 1: null

2018-06-11 15:47:11 - [TEST_STEP][PASSED] - Statement - matched = pattern.matcher(txt).matches(): null

2018-06-11 15:47:11 - [TEST_STEP][PASSED] - Statement - If (matched): null

2018-06-11 15:47:11 - [TEST_STEP][PASSED] - Statement - txt = reportStoreList.get(i).getText(): null

2018-06-11 15:47:11 - [TEST_STEP][PASSED] - Statement - index = i + 1: null

2018-06-11 15:47:11 - [TEST_STEP][PASSED] - Statement - matched = pattern.matcher(txt).matches(): null

2018-06-11 15:47:11 - [TEST_STEP][PASSED] - Statement - If (matched): null

2018-06-11 15:47:11 - [TEST_STEP][PASSED] - Statement - xpath = "//div[@class='saved-reports']/ul/li[" + index + "]/span[2]": null

2018-06-11 15:47:11 - [TEST_STEP][PASSED] - Statement - driver.findElement(org.openqa.selenium.By.xpath(xpath)).click(): null

2018-06-11 15:47:11 - [TEST_STEP][PASSED] - Statement - (count++): null

2018-06-11 15:47:11 - [TEST_STEP][PASSED] - Statement - If (count > 2): null

2018-06-11 15:47:11 - [TEST_STEP][PASSED] - Statement - txt = reportStoreList.get(i).getText(): null

2018-06-11 15:47:11 - [TEST_STEP][PASSED] - Statement - index = i + 1: null

2018-06-11 15:47:11 - [TEST_STEP][PASSED] - Statement - matched = pattern.matcher(txt).matches(): null

2018-06-11 15:47:11 - [TEST_STEP][PASSED] - Statement - If (matched): null

2018-06-11 15:47:11 - [TEST_STEP][PASSED] - Statement - xpath = "//div[@class='saved-reports']/ul/li[" + index + "]/span[2]": null

2018-06-11 15:47:11 - [TEST_STEP][PASSED] - Statement - driver.findElement(org.openqa.selenium.By.xpath(xpath)).click(): null

2018-06-11 15:47:11 - [TEST_STEP][PASSED] - Statement - (count++): null

2018-06-11 15:47:11 - [TEST_STEP][PASSED] - Statement - If (count > 2): null

2018-06-11 15:47:11 - [TEST_STEP][PASSED] - Statement - txt = reportStoreList.get(i).getText(): null

2018-06-11 15:47:11 - [TEST_STEP][PASSED] - Statement - index = i + 1: null

2018-06-11 15:47:11 - [TEST_STEP][PASSED] - Statement - matched = pattern.matcher(txt).matches(): null

2018-06-11 15:47:11 - [TEST_STEP][PASSED] - Statement - If (matched): null

2018-06-11 15:47:11 - [TEST_STEP][PASSED] - Statement - xpath = "//div[@class='saved-reports']/ul/li[" + index + "]/span[2]": null

2018-06-11 15:47:11 - [TEST_STEP][PASSED] - Statement - driver.findElement(org.openqa.selenium.By.xpath(xpath)).click(): null

2018-06-11 15:47:11 - [TEST_STEP][PASSED] - Statement - (count++): null

2018-06-11 15:47:11 - [TEST_STEP][PASSED] - Statement - If (count > 2): null

2018-06-11 15:47:11 - [TEST_STEP][PASSED] - uiaction.CommonUIActions.click: uiaction.CommonUIActions.click is PASSED

2018-06-11 15:47:11 - [MESSAGE][PASSED] - uiaction.CommonUIActions.click is PASSED

2018-06-11 15:47:11 - [TEST_STEP][PASSED] - delay: Delayed 15 second(s)

2018-06-11 15:47:26 - [MESSAGE][PASSED] - Delayed 15 second(s)

2018-06-11 15:47:26 - [TEST_STEP][PASSED] - Statement - summaryHeading = CustomKeywords.uiaction.CommonUIActions.getText(com.kms.katalon.core.testobject.ObjectRepository.findTestObject(SummarizedReportPage/summaryReport)): uiaction.CommonUIActions.getText is PASSED

2018-06-11 15:47:27 - [MESSAGE][PASSED] - uiaction.CommonUIActions.getText is PASSED

2018-06-11 15:47:27 - [TEST_STEP][PASSED] - Statement - summaryHeading = summaryHeading.trim(): null

2018-06-11 15:47:27 - [TEST_STEP][PASSED] - Statement - summaryHeadingText = CustomKeywords.projectSpecific.Reusability.getTestData("SummarizedReportPage", "summaryHeading"): projectSpecific.Reusability.getTestData is PASSED

2018-06-11 15:47:27 - [MESSAGE][PASSED] - projectSpecific.Reusability.getTestData is PASSED

2018-06-11 15:47:27 - [TEST_STEP][PASSED] - Statement - If (summaryHeading.equals(summaryHeadingText)): null

2018-06-11 15:47:27 - [TEST_STEP][PASSED] - uiaction.CommonUIActions.click: uiaction.CommonUIActions.click is PASSED

2018-06-11 15:47:27 - [MESSAGE][PASSED] - uiaction.CommonUIActions.click is PASSED

2018-06-11 15:47:27 - [TEST_STEP][PASSED] - verifyElementPresent: Object 'Object Repository/SummarizedReportPage/csvOption' is present

2018-06-11 15:47:27 - [MESSAGE][PASSED] - Object 'Object Repository/SummarizedReportPage/csvOption' is present

2018-06-11 15:47:27 - [TEST_STEP][PASSED] - verifyElementPresent: Object 'Object Repository/SummarizedReportPage/pdfOption' is present

2018-06-11 15:47:27 - [MESSAGE][PASSED] - Object 'Object Repository/SummarizedReportPage/pdfOption' is present

2018-06-11 15:47:27 - [TEST_STEP][PASSED] - uiaction.CommonUIActions.click: uiaction.CommonUIActions.click is PASSED

2018-06-11 15:47:27 - [MESSAGE][PASSED] - uiaction.CommonUIActions.click is PASSED

2018-06-11 15:47:27 - [TEST_STEP][PASSED] - delay: Delayed 15 second(s)

2018-06-11 15:47:42 - [MESSAGE][PASSED] - Delayed 15 second(s)

2018-06-11 15:47:42 - [TEST_STEP][PASSED] - Statement - confirmationText = CustomKeywords.projectSpecific.Reusability.getTestData("SummarizedReportPage", "confirmationText"): projectSpecific.Reusability.getTestData is PASSED

2018-06-11 15:47:42 - [MESSAGE][PASSED] - projectSpecific.Reusability.getTestData is PASSED

2018-06-11 15:47:42 - [TEST_STEP][PASSED] - Statement - actualconfirmationText = CustomKeywords.uiaction.CommonUIActions.getText(com.kms.katalon.core.testobject.ObjectRepository.findTestObject(SummarizedReportPage/emailConfirmation)): uiaction.CommonUIActions.getText is PASSED

2018-06-11 15:47:52 - [MESSAGE][PASSED] - uiaction.CommonUIActions.getText is PASSED

2018-06-11 15:47:52 - [TEST_STEP][PASSED] - Statement - confirm = com.kms.katalon.core.webui.keyword.WebUiBuiltInKeywords.verifyMatch(confirmationText, actualconfirmationText, false): Actual text 'Please check your email. Your Report has been sent to nous-abhradipr@HME.COM.' and expected text 'Please check your email. Your Report has been sent to nous-abhradipr@HME.COM.' are matched 

2018-06-11 15:47:52 - [MESSAGE][PASSED] - Actual text 'Please check your email. Your Report has been sent to nous-abhradipr@HME.COM.' and expected text 'Please check your email. Your Report has been sent to nous-abhradipr@HME.COM.' are matched 

2018-06-11 15:47:52 - [TEST_STEP][PASSED] - Statement - If (confirm): null

2018-06-11 15:47:52 - [TEST_STEP][PASSED] - Statement - out.println("Email Verification received"): null

2018-06-11 15:47:52 - [TEST_STEP][PASSED] - delay: Delayed 10 second(s)

2018-06-11 15:48:02 - [MESSAGE][PASSED] - Delayed 10 second(s)

2018-06-11 15:48:02 - [TEST_STEP][PASSED] - back: Navigate back successfully

2018-06-11 15:48:03 - [MESSAGE][PASSED] - Navigate back successfully

2018-06-11 15:48:03 - [TEST_STEP][PASSED] - delay: Delayed 10 second(s)

2018-06-11 15:48:13 - [MESSAGE][PASSED] - Delayed 10 second(s)

2018-06-11 15:48:13 - [TEST_STEP][PASSED] - uiaction.CommonUIActions.click: uiaction.CommonUIActions.click is PASSED

2018-06-11 15:48:13 - [MESSAGE][PASSED] - uiaction.CommonUIActions.click is PASSED

2018-06-11 15:48:13 - [TEST_STEP][PASSED] - delay: Delayed 10 second(s)

2018-06-11 15:48:23 - [MESSAGE][PASSED] - Delayed 10 second(s)

2018-06-11 15:48:23 - [TEST_STEP][PASSED] - uiaction.CommonUIActions.click: uiaction.CommonUIActions.click is PASSED

2018-06-11 15:48:23 - [MESSAGE][PASSED] - uiaction.CommonUIActions.click is PASSED

2018-06-11 15:48:23 - [TEST_STEP][PASSED] - delay: Delayed 15 second(s)

2018-06-11 15:48:38 - [MESSAGE][PASSED] - Delayed 15 second(s)

2018-06-11 15:48:38 - [TEST_STEP][PASSED] - Statement - confirmationText = CustomKeywords.projectSpecific.Reusability.getTestData("SummarizedReportPage", "confirmationText"): projectSpecific.Reusability.getTestData is PASSED

2018-06-11 15:48:38 - [MESSAGE][PASSED] - projectSpecific.Reusability.getTestData is PASSED

2018-06-11 15:48:38 - [TEST_STEP][PASSED] - Statement - actualconfirmationText = CustomKeywords.uiaction.CommonUIActions.getText(com.kms.katalon.core.testobject.ObjectRepository.findTestObject(SummarizedReportPage/emailConfirmation)): uiaction.CommonUIActions.getText is PASSED

2018-06-11 15:48:38 - [MESSAGE][PASSED] - uiaction.CommonUIActions.getText is PASSED

2018-06-11 15:48:38 - [TEST_STEP][PASSED] - Statement - confirm = com.kms.katalon.core.webui.keyword.WebUiBuiltInKeywords.verifyMatch(confirmationText, actualconfirmationText, false): Actual text 'Please check your email. Your Report has been sent to nous-abhradipr@HME.COM.' and expected text 'Please check your email. Your Report has been sent to nous-abhradipr@HME.COM.' are matched 

2018-06-11 15:48:38 - [MESSAGE][PASSED] - Actual text 'Please check your email. Your Report has been sent to nous-abhradipr@HME.COM.' and expected text 'Please check your email. Your Report has been sent to nous-abhradipr@HME.COM.' are matched 

2018-06-11 15:48:38 - [TEST_STEP][PASSED] - Statement - If (confirm): null

2018-06-11 15:48:38 - [TEST_STEP][PASSED] - Statement - out.println("Email Verification received"): null

2018-06-11 15:48:38 - [TEST_STEP][PASSED] - back: Navigate back successfully

2018-06-11 15:48:38 - [MESSAGE][PASSED] - Navigate back successfully

2018-06-11 15:48:38 - [TEST_STEP][PASSED] - delay: Delayed 15 second(s)

2018-06-11 15:48:53 - [MESSAGE][PASSED] - Delayed 15 second(s)

2018-06-11 15:48:53 - [TEST_STEP][PASSED] - back: Navigate back successfully

2018-06-11 15:48:53 - [MESSAGE][PASSED] - Navigate back successfully

2018-06-11 15:48:53 - [TEST_STEP][PASSED] - delay: Delayed 15 second(s)

2018-06-11 15:49:08 - [MESSAGE][PASSED] - Delayed 15 second(s)

2018-06-11 15:49:08 - [TEST_STEP][PASSED] - Statement - driver.findElement(org.openqa.selenium.By.xpath("//span[contains(text(),'22222')]")).click(): null

2018-06-11 15:49:08 - [TEST_STEP][PASSED] - uiaction.CommonUIActions.click: uiaction.CommonUIActions.click is PASSED

2018-06-11 15:49:08 - [MESSAGE][PASSED] - uiaction.CommonUIActions.click is PASSED

2018-06-11 15:49:08 - [TEST_STEP][PASSED] - delay: Delayed 10 second(s)

2018-06-11 15:49:18 - [MESSAGE][PASSED] - Delayed 10 second(s)

2018-06-11 15:49:18 - [TEST_STEP][PASSED] - uiaction.CommonUIActions.click: uiaction.CommonUIActions.click is PASSED

2018-06-11 15:49:18 - [MESSAGE][PASSED] - uiaction.CommonUIActions.click is PASSED

2018-06-11 15:49:18 - [TEST_STEP][PASSED] - delay: Delayed 15 second(s)

2018-06-11 15:49:33 - [MESSAGE][PASSED] - Delayed 15 second(s)

2018-06-11 15:49:33 - [TEST_STEP][PASSED] - delay: Delayed 15 second(s)

2018-06-11 15:49:48 - [MESSAGE][PASSED] - Delayed 15 second(s)

2018-06-11 15:49:48 - [TEST_STEP][PASSED] - Statement - summaryHeading = CustomKeywords.uiaction.CommonUIActions.getText(com.kms.katalon.core.testobject.ObjectRepository.findTestObject(SummarizedReportPage/summaryReport)): uiaction.CommonUIActions.getText is PASSED

2018-06-11 15:49:48 - [MESSAGE][PASSED] - uiaction.CommonUIActions.getText is PASSED

2018-06-11 15:49:48 - [TEST_STEP][PASSED] - Statement - summaryHeading = summaryHeading.trim(): null

2018-06-11 15:49:48 - [TEST_STEP][PASSED] - Statement - summaryHeadingText = CustomKeywords.projectSpecific.Reusability.getTestData("SummarizedReportPage", "summaryHeading"): projectSpecific.Reusability.getTestData is PASSED

2018-06-11 15:49:48 - [MESSAGE][PASSED] - projectSpecific.Reusability.getTestData is PASSED

2018-06-11 15:49:48 - [TEST_STEP][PASSED] - Statement - If (summaryHeading.equals(summaryHeadingText)): null

2018-06-11 15:49:48 - [TEST_STEP][PASSED] - back: Navigate back successfully

2018-06-11 15:49:48 - [MESSAGE][PASSED] - Navigate back successfully

2018-06-11 15:49:48 - [TEST_STEP][PASSED] - delay: Delayed 10 second(s)

2018-06-11 15:49:58 - [MESSAGE][PASSED] - Delayed 10 second(s)

2018-06-11 15:49:58 - [TEST_STEP][PASSED] - Statement - driver.findElement(org.openqa.selenium.By.xpath("//span[contains(text(),'22222')]")).click(): null

2018-06-11 15:49:59 - [TEST_STEP][PASSED] - uiaction.CommonUIActions.click: uiaction.CommonUIActions.click is PASSED

2018-06-11 15:49:59 - [MESSAGE][PASSED] - uiaction.CommonUIActions.click is PASSED

2018-06-11 15:49:59 - [TEST_STEP][PASSED] - delay: Delayed 10 second(s)

2018-06-11 15:50:09 - [MESSAGE][PASSED] - Delayed 10 second(s)

2018-06-11 15:50:09 - [TEST_STEP][PASSED] - uiaction.CommonUIActions.click: uiaction.CommonUIActions.click is PASSED

2018-06-11 15:50:09 - [MESSAGE][PASSED] - uiaction.CommonUIActions.click is PASSED

2018-06-11 15:50:09 - [TEST_STEP][PASSED] - delay: Delayed 15 second(s)

2018-06-11 15:50:24 - [MESSAGE][PASSED] - Delayed 15 second(s)

2018-06-11 15:50:24 - [TEST_STEP][PASSED] - Statement - summaryHeading = CustomKeywords.uiaction.CommonUIActions.getText(com.kms.katalon.core.testobject.ObjectRepository.findTestObject(SummarizedReportPage/summaryReport)): uiaction.CommonUIActions.getText is PASSED

2018-06-11 15:50:24 - [MESSAGE][PASSED] - uiaction.CommonUIActions.getText is PASSED

2018-06-11 15:50:24 - [TEST_STEP][PASSED] - Statement - summaryHeading = summaryHeading.trim(): null

2018-06-11 15:50:24 - [TEST_STEP][PASSED] - Statement - summaryHeadingText = CustomKeywords.projectSpecific.Reusability.getTestData("SummarizedReportPage", "summaryHeading"): projectSpecific.Reusability.getTestData is PASSED

2018-06-11 15:50:24 - [MESSAGE][PASSED] - projectSpecific.Reusability.getTestData is PASSED

2018-06-11 15:50:24 - [TEST_STEP][PASSED] - Statement - If (summaryHeading.equals(summaryHeadingText)): null

2018-06-11 15:50:24 - [TEST_STEP][PASSED] - back: Navigate back successfully

2018-06-11 15:50:24 - [MESSAGE][PASSED] - Navigate back successfully

2018-06-11 15:50:24 - [TEST_STEP][PASSED] - delay: Delayed 10 second(s)

2018-06-11 15:50:34 - [MESSAGE][PASSED] - Delayed 10 second(s)

2018-06-11 15:50:34 - [TEST_STEP][PASSED] - Statement - driver.findElement(org.openqa.selenium.By.xpath("//span[contains(text(),'22222')]")).click(): null

2018-06-11 15:50:34 - [TEST_STEP][PASSED] - uiaction.CommonUIActions.click: uiaction.CommonUIActions.click is PASSED

2018-06-11 15:50:34 - [MESSAGE][PASSED] - uiaction.CommonUIActions.click is PASSED

2018-06-11 15:50:34 - [TEST_STEP][PASSED] - delay: Delayed 10 second(s)

2018-06-11 15:50:44 - [MESSAGE][PASSED] - Delayed 10 second(s)

2018-06-11 15:50:44 - [TEST_STEP][PASSED] - uiaction.CommonUIActions.click: uiaction.CommonUIActions.click is PASSED

2018-06-11 15:50:44 - [MESSAGE][PASSED] - uiaction.CommonUIActions.click is PASSED

2018-06-11 15:50:44 - [TEST_STEP][PASSED] - delay: Delayed 15 second(s)

2018-06-11 15:50:59 - [MESSAGE][PASSED] - Delayed 15 second(s)

2018-06-11 15:50:59 - [TEST_STEP][PASSED] - Statement - summaryHeading = CustomKeywords.uiaction.CommonUIActions.getText(com.kms.katalon.core.testobject.ObjectRepository.findTestObject(SummarizedReportPage/rawCarDataHeading)): uiaction.CommonUIActions.getText is PASSED

2018-06-11 15:50:59 - [MESSAGE][PASSED] - uiaction.CommonUIActions.getText is PASSED

2018-06-11 15:50:59 - [TEST_STEP][PASSED] - Statement - summaryHeading = summaryHeading.trim(): null

2018-06-11 15:50:59 - [TEST_STEP][PASSED] - Statement - summaryHeadingText = CustomKeywords.projectSpecific.Reusability.getTestData("SummarizedReportPage", "rawCarDataReportHeading"): projectSpecific.Reusability.getTestData is PASSED

2018-06-11 15:50:59 - [MESSAGE][PASSED] - projectSpecific.Reusability.getTestData is PASSED

2018-06-11 15:50:59 - [TEST_STEP][PASSED] - Statement - If (summaryHeading.equals(summaryHeadingText)): null

2018-06-11 15:50:59 - [TEST_STEP][PASSED] - back: Navigate back successfully

2018-06-11 15:50:59 - [MESSAGE][PASSED] - Navigate back successfully

2018-06-11 15:50:59 - [TEST_STEP][PASSED] - delay: Delayed 10 second(s)

2018-06-11 15:51:09 - [MESSAGE][PASSED] - Delayed 10 second(s)

2018-06-11 15:51:09 - [TEST_STEP][PASSED] - uiaction.CommonUIActions.click: uiaction.CommonUIActions.click is PASSED

2018-06-11 15:51:11 - [MESSAGE][PASSED] - uiaction.CommonUIActions.click is PASSED

2018-06-11 15:51:11 - [TEST_STEP][PASSED] - delay: Delayed 15 second(s)

2018-06-11 15:51:26 - [MESSAGE][PASSED] - Delayed 15 second(s)

2018-06-11 15:51:26 - [TEST_STEP][PASSED] - uiaction.CommonUIActions.click: uiaction.CommonUIActions.click is PASSED

2018-06-11 15:51:27 - [MESSAGE][PASSED] - uiaction.CommonUIActions.click is PASSED

2018-06-11 15:51:27 - [TEST_STEP][PASSED] - delay: Delayed 10 second(s)

2018-06-11 15:51:37 - [MESSAGE][PASSED] - Delayed 10 second(s)

2018-06-11 15:51:37 - [TEST_STEP][PASSED] - Statement - searchUserText2 = CustomKeywords.projectSpecific.Reusability.getTestData("UsersPage", "userSearchText2"): projectSpecific.Reusability.getTestData is PASSED

2018-06-11 15:51:37 - [MESSAGE][PASSED] - projectSpecific.Reusability.getTestData is PASSED

2018-06-11 15:51:37 - [TEST_STEP][PASSED] - uiaction.CommonUIActions.enter: uiaction.CommonUIActions.enter is PASSED

2018-06-11 15:51:37 - [MESSAGE][PASSED] - uiaction.CommonUIActions.enter is PASSED

2018-06-11 15:51:37 - [TEST_STEP][PASSED] - uiaction.CommonUIActions.click: uiaction.CommonUIActions.click is PASSED

2018-06-11 15:51:38 - [MESSAGE][PASSED] - uiaction.CommonUIActions.click is PASSED

2018-06-11 15:51:38 - [TEST_STEP][PASSED] - delay: Delayed 15 second(s)

2018-06-11 15:51:53 - [MESSAGE][PASSED] - Delayed 15 second(s)

2018-06-11 15:51:53 - [TEST_STEP][PASSED] - uiaction.CommonUIActions.click: uiaction.CommonUIActions.click is PASSED

2018-06-11 15:51:57 - [MESSAGE][PASSED] - uiaction.CommonUIActions.click is PASSED

2018-06-11 15:51:57 - [TEST_STEP][PASSED] - delay: Delayed 10 second(s)

2018-06-11 15:52:07 - [MESSAGE][PASSED] - Delayed 10 second(s)

2018-06-11 15:52:07 - [TEST_STEP][PASSED] - uiaction.CommonUIActions.click: uiaction.CommonUIActions.click is PASSED

2018-06-11 15:52:09 - [MESSAGE][PASSED] - uiaction.CommonUIActions.click is PASSED

2018-06-11 15:52:09 - [TEST_STEP][PASSED] - delay: Delayed 5 second(s)

2018-06-11 15:52:14 - [MESSAGE][PASSED] - Delayed 5 second(s)

2018-06-11 15:52:14 - [TEST_STEP][PASSED] - verifyElementPresent: Object 'Object Repository/UsersPage/deviceSettingstoreList' is present

2018-06-11 15:52:14 - [MESSAGE][PASSED] - Object 'Object Repository/UsersPage/deviceSettingstoreList' is present

2018-06-11 15:52:14 - [TEST_STEP][PASSED] - Statement - storeviewDetailsLink = "(//table/tbody/tr/td[text()='" + searchUserText2 + "']/../td[1])[1]": null

2018-06-11 15:52:14 - [TEST_STEP][PASSED] - Statement - driver.findElement(org.openqa.selenium.By.xpath(storeviewDetailsLink)).click(): null

2018-06-11 15:52:14 - [TEST_STEP][PASSED] - Statement - createdBy = CustomKeywords.uiaction.CommonUIActions.getText(com.kms.katalon.core.testobject.ObjectRepository.findTestObject(UsersPage/deviceSettingscreatedBy)): uiaction.CommonUIActions.getText is PASSED

2018-06-11 15:52:14 - [MESSAGE][PASSED] - uiaction.CommonUIActions.getText is PASSED

2018-06-11 15:52:14 - [TEST_STEP][PASSED] - Statement - createdBy = createdBy.trim(): null

2018-06-11 15:52:14 - [TEST_STEP][PASSED] - Statement - If (createdBy.equals(searchUserText2)): null

2018-06-11 15:52:14 - [TEST_STEP][PASSED] - Statement - out.println("CreatedBy Text is displayed"): null

2018-06-11 15:52:14 - [TEST_STEP][PASSED] - uiaction.CommonUIActions.click: uiaction.CommonUIActions.click is PASSED

2018-06-11 15:52:14 - [MESSAGE][PASSED] - uiaction.CommonUIActions.click is PASSED

2018-06-11 15:52:14 - [TEST_STEP][PASSED] - uiaction.CommonUIActions.click: uiaction.CommonUIActions.click is PASSED

2018-06-11 15:52:15 - [MESSAGE][PASSED] - uiaction.CommonUIActions.click is PASSED

2018-06-11 15:52:15 - [TEST_STEP][PASSED] - Statement - assert TCflag == true: null

2018-06-11 15:52:15 - [TEST_STEP][PASSED] - Start listener action : sampleAfterTestCase: Browser is closed

2018-06-11 15:52:15 - [TEST_STEP][PASSED] - Statement - println(testCaseContext.getTestCaseId()): null

2018-06-11 15:52:15 - [TEST_STEP][PASSED] - Statement - println(testCaseContext.getTestCaseStatus()): null

2018-06-11 15:52:15 - [TEST_STEP][PASSED] - closeBrowser: Browser is closed

2018-06-11 15:52:16 - [MESSAGE][PASSED] - Browser is closed]]></system-out>
         <system-err><![CDATA[]]></system-err>
      </testcase>
      <testcase name="Test Cases/SummaryReportsTC/HME-Summary Report-03" classname="Test Cases/SummaryReportsTC/HME-Summary Report-03" status="PASSED">
         <system-out><![CDATA[2018-06-11 15:52:16 - [TEST_CASE][PASSED] - Test Cases/SummaryReportsTC/HME-Summary Report-03: Browser is closed

2018-06-11 15:52:16 - [TEST_STEP][PASSED] - Start listener action : sampleBeforeTestCase: uiaction.CommonUIActions.deleteAllCookies is PASSED

2018-06-11 15:52:16 - [TEST_STEP][PASSED] - openBrowser: Browser is opened with url: ''

2018-06-11 15:52:18 - [MESSAGE][PASSED] - Browser is opened with url: ''

2018-06-11 15:52:18 - [TEST_STEP][PASSED] - maximizeWindow: Current window maximized

2018-06-11 15:52:19 - [MESSAGE][PASSED] - Current window maximized

2018-06-11 15:52:19 - [TEST_STEP][PASSED] - uiaction.CommonUIActions.deleteAllCookies: uiaction.CommonUIActions.deleteAllCookies is PASSED

2018-06-11 15:52:19 - [MESSAGE][PASSED] - Delete all cookies successfully

2018-06-11 15:52:19 - [MESSAGE][PASSED] - uiaction.CommonUIActions.deleteAllCookies is PASSED

2018-06-11 15:52:20 - [TEST_STEP][PASSED] - Statement - TCflag = true: null

2018-06-11 15:52:20 - [TEST_STEP][PASSED] - Statement - Try: uiaction.CommonUIActions.click is PASSED

2018-06-11 15:52:20 - [TEST_STEP][PASSED] - navigateToUrl: Navigate to 'https://hme-dev-public-cloud-app.azurewebsites.net/' successfully

2018-06-11 15:52:22 - [MESSAGE][PASSED] - Navigate to 'https://hme-dev-public-cloud-app.azurewebsites.net/' successfully

2018-06-11 15:52:22 - [TEST_STEP][PASSED] - delay: Delayed 5 second(s)

2018-06-11 15:52:27 - [MESSAGE][PASSED] - Delayed 5 second(s)

2018-06-11 15:52:27 - [TEST_STEP][PASSED] - projectSpecific.Reusability.login: projectSpecific.Reusability.login is PASSED

2018-06-11 15:52:27 - [MESSAGE][PASSED] - projectSpecific.Reusability.getTestData is PASSED

2018-06-11 15:52:27 - [MESSAGE][PASSED] - projectSpecific.Reusability.getTestData is PASSED

2018-06-11 15:52:28 - [MESSAGE][PASSED] - Text 'selvendrank@nousinfo.com' is set on object 'Object Repository/LoginPage/Username'

2018-06-11 15:52:28 - [MESSAGE][PASSED] - Text 'nous;123' is set on object 'Object Repository/LoginPage/Password'

2018-06-11 15:52:28 - [MESSAGE][PASSED] - Object: 'Object Repository/LoginPage/Login' is clicked on

2018-06-11 15:52:28 - [MESSAGE][PASSED] - projectSpecific.Reusability.login is PASSED

2018-06-11 15:52:28 - [TEST_STEP][PASSED] - delay: Delayed 15 second(s)

2018-06-11 15:52:43 - [MESSAGE][PASSED] - Delayed 15 second(s)

2018-06-11 15:52:43 - [TEST_STEP][PASSED] - Statement - driver = com.kms.katalon.core.webui.driver.DriverFactory.getWebDriver(): null

2018-06-11 15:52:43 - [TEST_STEP][PASSED] - uiaction.CommonUIActions.click: uiaction.CommonUIActions.click is PASSED

2018-06-11 15:52:49 - [MESSAGE][PASSED] - uiaction.CommonUIActions.click is PASSED

2018-06-11 15:52:49 - [TEST_STEP][PASSED] - delay: Delayed 10 second(s)

2018-06-11 15:52:59 - [MESSAGE][PASSED] - Delayed 10 second(s)

2018-06-11 15:52:59 - [TEST_STEP][PASSED] - uiaction.CommonUIActions.click: uiaction.CommonUIActions.click is PASSED

2018-06-11 15:53:10 - [MESSAGE][PASSED] - uiaction.CommonUIActions.click is PASSED

2018-06-11 15:53:10 - [TEST_STEP][PASSED] - delay: Delayed 15 second(s)

2018-06-11 15:53:26 - [MESSAGE][PASSED] - Delayed 15 second(s)

2018-06-11 15:53:26 - [TEST_STEP][PASSED] - uiaction.CommonUIActions.click: uiaction.CommonUIActions.click is PASSED

2018-06-11 15:53:27 - [MESSAGE][PASSED] - uiaction.CommonUIActions.click is PASSED

2018-06-11 15:53:27 - [TEST_STEP][PASSED] - delay: Delayed 10 second(s)

2018-06-11 15:53:37 - [MESSAGE][PASSED] - Delayed 10 second(s)

2018-06-11 15:53:37 - [TEST_STEP][PASSED] - uiaction.CommonUIActions.click: uiaction.CommonUIActions.click is PASSED

2018-06-11 15:53:37 - [MESSAGE][PASSED] - uiaction.CommonUIActions.click is PASSED

2018-06-11 15:53:37 - [TEST_STEP][PASSED] - uiaction.CommonUIActions.enter: uiaction.CommonUIActions.enter is PASSED

2018-06-11 15:53:37 - [MESSAGE][PASSED] - projectSpecific.Reusability.getTestData is PASSED

2018-06-11 15:53:37 - [MESSAGE][PASSED] - uiaction.CommonUIActions.enter is PASSED

2018-06-11 15:53:37 - [TEST_STEP][PASSED] - uiaction.CommonUIActions.enter: uiaction.CommonUIActions.enter is PASSED

2018-06-11 15:53:37 - [MESSAGE][PASSED] - projectSpecific.Reusability.getTestData is PASSED

2018-06-11 15:53:38 - [MESSAGE][PASSED] - uiaction.CommonUIActions.enter is PASSED

2018-06-11 15:53:38 - [TEST_STEP][PASSED] - delay: Delayed 10 second(s)

2018-06-11 15:53:48 - [MESSAGE][PASSED] - Delayed 10 second(s)

2018-06-11 15:53:48 - [TEST_STEP][PASSED] - Statement - grouplist = driver.findElements(org.openqa.selenium.By.xpath("//ul[@class='unlinked-grouplist']/li")): null

2018-06-11 15:53:48 - [TEST_STEP][PASSED] - delay: Delayed 10 second(s)

2018-06-11 15:53:58 - [MESSAGE][PASSED] - Delayed 10 second(s)

2018-06-11 15:53:58 - [TEST_STEP][PASSED] - Statement - size = grouplist.size(): null

2018-06-11 15:53:58 - [TEST_STEP][PASSED] - Statement - index = 0: null

2018-06-11 15:53:58 - [TEST_STEP][PASSED] - Statement - pattern = java.util.regex.Pattern.compile("[0-9]+"): null

2018-06-11 15:53:58 - [TEST_STEP][PASSED] - Statement - count = 0: null

2018-06-11 15:53:58 - [TEST_STEP][PASSED] - Statement - For ([i = 0, i < grouplist.size(), (i++)]): null

2018-06-11 15:53:58 - [TEST_STEP][PASSED] - Statement - txt = grouplist.get(i).getText(): null

2018-06-11 15:53:58 - [TEST_STEP][PASSED] - Statement - index = i + 1: null

2018-06-11 15:53:58 - [TEST_STEP][PASSED] - Statement - matched = pattern.matcher(txt).matches(): null

2018-06-11 15:53:58 - [TEST_STEP][PASSED] - Statement - If (matched): null

2018-06-11 15:53:58 - [TEST_STEP][PASSED] - Statement - txt = grouplist.get(i).getText(): null

2018-06-11 15:53:58 - [TEST_STEP][PASSED] - Statement - index = i + 1: null

2018-06-11 15:53:58 - [TEST_STEP][PASSED] - Statement - matched = pattern.matcher(txt).matches(): null

2018-06-11 15:53:58 - [TEST_STEP][PASSED] - Statement - If (matched): null

2018-06-11 15:53:58 - [TEST_STEP][PASSED] - Statement - txt = grouplist.get(i).getText(): null

2018-06-11 15:53:58 - [TEST_STEP][PASSED] - Statement - index = i + 1: null

2018-06-11 15:53:58 - [TEST_STEP][PASSED] - Statement - matched = pattern.matcher(txt).matches(): null

2018-06-11 15:53:58 - [TEST_STEP][PASSED] - Statement - If (matched): null

2018-06-11 15:53:58 - [TEST_STEP][PASSED] - Statement - txt = grouplist.get(i).getText(): null

2018-06-11 15:53:58 - [TEST_STEP][PASSED] - Statement - index = i + 1: null

2018-06-11 15:53:58 - [TEST_STEP][PASSED] - Statement - matched = pattern.matcher(txt).matches(): null

2018-06-11 15:53:58 - [TEST_STEP][PASSED] - Statement - If (matched): null

2018-06-11 15:53:58 - [TEST_STEP][PASSED] - Statement - txt = grouplist.get(i).getText(): null

2018-06-11 15:53:58 - [TEST_STEP][PASSED] - Statement - index = i + 1: null

2018-06-11 15:53:58 - [TEST_STEP][PASSED] - Statement - matched = pattern.matcher(txt).matches(): null

2018-06-11 15:53:58 - [TEST_STEP][PASSED] - Statement - If (matched): null

2018-06-11 15:53:58 - [TEST_STEP][PASSED] - Statement - txt = grouplist.get(i).getText(): null

2018-06-11 15:53:58 - [TEST_STEP][PASSED] - Statement - index = i + 1: null

2018-06-11 15:53:58 - [TEST_STEP][PASSED] - Statement - matched = pattern.matcher(txt).matches(): null

2018-06-11 15:53:58 - [TEST_STEP][PASSED] - Statement - If (matched): null

2018-06-11 15:53:58 - [TEST_STEP][PASSED] - Statement - txt = grouplist.get(i).getText(): null

2018-06-11 15:53:58 - [TEST_STEP][PASSED] - Statement - index = i + 1: null

2018-06-11 15:53:58 - [TEST_STEP][PASSED] - Statement - matched = pattern.matcher(txt).matches(): null

2018-06-11 15:53:58 - [TEST_STEP][PASSED] - Statement - If (matched): null

2018-06-11 15:53:58 - [TEST_STEP][PASSED] - Statement - txt = grouplist.get(i).getText(): null

2018-06-11 15:53:58 - [TEST_STEP][PASSED] - Statement - index = i + 1: null

2018-06-11 15:53:58 - [TEST_STEP][PASSED] - Statement - matched = pattern.matcher(txt).matches(): null

2018-06-11 15:53:58 - [TEST_STEP][PASSED] - Statement - If (matched): null

2018-06-11 15:53:58 - [TEST_STEP][PASSED] - Statement - txt = grouplist.get(i).getText(): null

2018-06-11 15:53:58 - [TEST_STEP][PASSED] - Statement - index = i + 1: null

2018-06-11 15:53:58 - [TEST_STEP][PASSED] - Statement - matched = pattern.matcher(txt).matches(): null

2018-06-11 15:53:58 - [TEST_STEP][PASSED] - Statement - If (matched): null

2018-06-11 15:53:58 - [TEST_STEP][PASSED] - Statement - txt = grouplist.get(i).getText(): null

2018-06-11 15:53:58 - [TEST_STEP][PASSED] - Statement - index = i + 1: null

2018-06-11 15:53:58 - [TEST_STEP][PASSED] - Statement - matched = pattern.matcher(txt).matches(): null

2018-06-11 15:53:58 - [TEST_STEP][PASSED] - Statement - If (matched): null

2018-06-11 15:53:58 - [TEST_STEP][PASSED] - Statement - txt = grouplist.get(i).getText(): null

2018-06-11 15:53:58 - [TEST_STEP][PASSED] - Statement - index = i + 1: null

2018-06-11 15:53:58 - [TEST_STEP][PASSED] - Statement - matched = pattern.matcher(txt).matches(): null

2018-06-11 15:53:58 - [TEST_STEP][PASSED] - Statement - If (matched): null

2018-06-11 15:53:58 - [TEST_STEP][PASSED] - Statement - txt = grouplist.get(i).getText(): null

2018-06-11 15:53:58 - [TEST_STEP][PASSED] - Statement - index = i + 1: null

2018-06-11 15:53:58 - [TEST_STEP][PASSED] - Statement - matched = pattern.matcher(txt).matches(): null

2018-06-11 15:53:58 - [TEST_STEP][PASSED] - Statement - If (matched): null

2018-06-11 15:53:58 - [TEST_STEP][PASSED] - Statement - txt = grouplist.get(i).getText(): null

2018-06-11 15:53:58 - [TEST_STEP][PASSED] - Statement - index = i + 1: null

2018-06-11 15:53:58 - [TEST_STEP][PASSED] - Statement - matched = pattern.matcher(txt).matches(): null

2018-06-11 15:53:58 - [TEST_STEP][PASSED] - Statement - If (matched): null

2018-06-11 15:53:58 - [TEST_STEP][PASSED] - Statement - txt = grouplist.get(i).getText(): null

2018-06-11 15:53:58 - [TEST_STEP][PASSED] - Statement - index = i + 1: null

2018-06-11 15:53:58 - [TEST_STEP][PASSED] - Statement - matched = pattern.matcher(txt).matches(): null

2018-06-11 15:53:58 - [TEST_STEP][PASSED] - Statement - If (matched): null

2018-06-11 15:53:58 - [TEST_STEP][PASSED] - Statement - txt = grouplist.get(i).getText(): null

2018-06-11 15:53:58 - [TEST_STEP][PASSED] - Statement - index = i + 1: null

2018-06-11 15:53:58 - [TEST_STEP][PASSED] - Statement - matched = pattern.matcher(txt).matches(): null

2018-06-11 15:53:58 - [TEST_STEP][PASSED] - Statement - If (matched): null

2018-06-11 15:53:58 - [TEST_STEP][PASSED] - Statement - txt = grouplist.get(i).getText(): null

2018-06-11 15:53:58 - [TEST_STEP][PASSED] - Statement - index = i + 1: null

2018-06-11 15:53:58 - [TEST_STEP][PASSED] - Statement - matched = pattern.matcher(txt).matches(): null

2018-06-11 15:53:58 - [TEST_STEP][PASSED] - Statement - If (matched): null

2018-06-11 15:53:58 - [TEST_STEP][PASSED] - Statement - driver.findElement(org.openqa.selenium.By.xpath("(//ul[@class='unlinked-grouplist']/li/label)[" + index + "]")).click(): null

2018-06-11 15:53:58 - [TEST_STEP][PASSED] - Statement - (count++): null

2018-06-11 15:53:58 - [TEST_STEP][PASSED] - Statement - If (count > 60): null

2018-06-11 15:53:58 - [TEST_STEP][PASSED] - Statement - txt = grouplist.get(i).getText(): null

2018-06-11 15:53:58 - [TEST_STEP][PASSED] - Statement - index = i + 1: null

2018-06-11 15:53:58 - [TEST_STEP][PASSED] - Statement - matched = pattern.matcher(txt).matches(): null

2018-06-11 15:53:58 - [TEST_STEP][PASSED] - Statement - If (matched): null

2018-06-11 15:53:58 - [TEST_STEP][PASSED] - Statement - driver.findElement(org.openqa.selenium.By.xpath("(//ul[@class='unlinked-grouplist']/li/label)[" + index + "]")).click(): null

2018-06-11 15:53:58 - [TEST_STEP][PASSED] - Statement - (count++): null

2018-06-11 15:53:58 - [TEST_STEP][PASSED] - Statement - If (count > 60): null

2018-06-11 15:53:58 - [TEST_STEP][PASSED] - Statement - txt = grouplist.get(i).getText(): null

2018-06-11 15:53:58 - [TEST_STEP][PASSED] - Statement - index = i + 1: null

2018-06-11 15:53:58 - [TEST_STEP][PASSED] - Statement - matched = pattern.matcher(txt).matches(): null

2018-06-11 15:53:58 - [TEST_STEP][PASSED] - Statement - If (matched): null

2018-06-11 15:53:58 - [TEST_STEP][PASSED] - Statement - driver.findElement(org.openqa.selenium.By.xpath("(//ul[@class='unlinked-grouplist']/li/label)[" + index + "]")).click(): null

2018-06-11 15:53:58 - [TEST_STEP][PASSED] - Statement - (count++): null

2018-06-11 15:53:58 - [TEST_STEP][PASSED] - Statement - If (count > 60): null

2018-06-11 15:53:58 - [TEST_STEP][PASSED] - Statement - txt = grouplist.get(i).getText(): null

2018-06-11 15:53:58 - [TEST_STEP][PASSED] - Statement - index = i + 1: null

2018-06-11 15:53:58 - [TEST_STEP][PASSED] - Statement - matched = pattern.matcher(txt).matches(): null

2018-06-11 15:53:58 - [TEST_STEP][PASSED] - Statement - If (matched): null

2018-06-11 15:53:58 - [TEST_STEP][PASSED] - Statement - driver.findElement(org.openqa.selenium.By.xpath("(//ul[@class='unlinked-grouplist']/li/label)[" + index + "]")).click(): null

2018-06-11 15:53:58 - [TEST_STEP][PASSED] - Statement - (count++): null

2018-06-11 15:53:58 - [TEST_STEP][PASSED] - Statement - If (count > 60): null

2018-06-11 15:53:58 - [TEST_STEP][PASSED] - Statement - txt = grouplist.get(i).getText(): null

2018-06-11 15:53:58 - [TEST_STEP][PASSED] - Statement - index = i + 1: null

2018-06-11 15:53:58 - [TEST_STEP][PASSED] - Statement - matched = pattern.matcher(txt).matches(): null

2018-06-11 15:53:58 - [TEST_STEP][PASSED] - Statement - If (matched): null

2018-06-11 15:53:58 - [TEST_STEP][PASSED] - Statement - driver.findElement(org.openqa.selenium.By.xpath("(//ul[@class='unlinked-grouplist']/li/label)[" + index + "]")).click(): null

2018-06-11 15:53:58 - [TEST_STEP][PASSED] - Statement - (count++): null

2018-06-11 15:53:58 - [TEST_STEP][PASSED] - Statement - If (count > 60): null

2018-06-11 15:53:58 - [TEST_STEP][PASSED] - Statement - txt = grouplist.get(i).getText(): null

2018-06-11 15:53:58 - [TEST_STEP][PASSED] - Statement - index = i + 1: null

2018-06-11 15:53:58 - [TEST_STEP][PASSED] - Statement - matched = pattern.matcher(txt).matches(): null

2018-06-11 15:53:58 - [TEST_STEP][PASSED] - Statement - If (matched): null

2018-06-11 15:53:58 - [TEST_STEP][PASSED] - Statement - driver.findElement(org.openqa.selenium.By.xpath("(//ul[@class='unlinked-grouplist']/li/label)[" + index + "]")).click(): null

2018-06-11 15:53:58 - [TEST_STEP][PASSED] - Statement - (count++): null

2018-06-11 15:53:58 - [TEST_STEP][PASSED] - Statement - If (count > 60): null

2018-06-11 15:53:58 - [TEST_STEP][PASSED] - Statement - txt = grouplist.get(i).getText(): null

2018-06-11 15:53:58 - [TEST_STEP][PASSED] - Statement - index = i + 1: null

2018-06-11 15:53:58 - [TEST_STEP][PASSED] - Statement - matched = pattern.matcher(txt).matches(): null

2018-06-11 15:53:58 - [TEST_STEP][PASSED] - Statement - If (matched): null

2018-06-11 15:53:58 - [TEST_STEP][PASSED] - Statement - driver.findElement(org.openqa.selenium.By.xpath("(//ul[@class='unlinked-grouplist']/li/label)[" + index + "]")).click(): null

2018-06-11 15:53:58 - [TEST_STEP][PASSED] - Statement - (count++): null

2018-06-11 15:53:58 - [TEST_STEP][PASSED] - Statement - If (count > 60): null

2018-06-11 15:53:58 - [TEST_STEP][PASSED] - Statement - txt = grouplist.get(i).getText(): null

2018-06-11 15:53:59 - [TEST_STEP][PASSED] - Statement - index = i + 1: null

2018-06-11 15:53:59 - [TEST_STEP][PASSED] - Statement - matched = pattern.matcher(txt).matches(): null

2018-06-11 15:53:59 - [TEST_STEP][PASSED] - Statement - If (matched): null

2018-06-11 15:53:59 - [TEST_STEP][PASSED] - Statement - driver.findElement(org.openqa.selenium.By.xpath("(//ul[@class='unlinked-grouplist']/li/label)[" + index + "]")).click(): null

2018-06-11 15:53:59 - [TEST_STEP][PASSED] - Statement - (count++): null

2018-06-11 15:53:59 - [TEST_STEP][PASSED] - Statement - If (count > 60): null

2018-06-11 15:53:59 - [TEST_STEP][PASSED] - Statement - txt = grouplist.get(i).getText(): null

2018-06-11 15:53:59 - [TEST_STEP][PASSED] - Statement - index = i + 1: null

2018-06-11 15:53:59 - [TEST_STEP][PASSED] - Statement - matched = pattern.matcher(txt).matches(): null

2018-06-11 15:53:59 - [TEST_STEP][PASSED] - Statement - If (matched): null

2018-06-11 15:53:59 - [TEST_STEP][PASSED] - Statement - driver.findElement(org.openqa.selenium.By.xpath("(//ul[@class='unlinked-grouplist']/li/label)[" + index + "]")).click(): null

2018-06-11 15:53:59 - [TEST_STEP][PASSED] - Statement - (count++): null

2018-06-11 15:53:59 - [TEST_STEP][PASSED] - Statement - If (count > 60): null

2018-06-11 15:53:59 - [TEST_STEP][PASSED] - Statement - txt = grouplist.get(i).getText(): null

2018-06-11 15:53:59 - [TEST_STEP][PASSED] - Statement - index = i + 1: null

2018-06-11 15:53:59 - [TEST_STEP][PASSED] - Statement - matched = pattern.matcher(txt).matches(): null

2018-06-11 15:53:59 - [TEST_STEP][PASSED] - Statement - If (matched): null

2018-06-11 15:53:59 - [TEST_STEP][PASSED] - Statement - driver.findElement(org.openqa.selenium.By.xpath("(//ul[@class='unlinked-grouplist']/li/label)[" + index + "]")).click(): null

2018-06-11 15:53:59 - [TEST_STEP][PASSED] - Statement - (count++): null

2018-06-11 15:53:59 - [TEST_STEP][PASSED] - Statement - If (count > 60): null

2018-06-11 15:53:59 - [TEST_STEP][PASSED] - Statement - txt = grouplist.get(i).getText(): null

2018-06-11 15:53:59 - [TEST_STEP][PASSED] - Statement - index = i + 1: null

2018-06-11 15:53:59 - [TEST_STEP][PASSED] - Statement - matched = pattern.matcher(txt).matches(): null

2018-06-11 15:53:59 - [TEST_STEP][PASSED] - Statement - If (matched): null

2018-06-11 15:53:59 - [TEST_STEP][PASSED] - Statement - driver.findElement(org.openqa.selenium.By.xpath("(//ul[@class='unlinked-grouplist']/li/label)[" + index + "]")).click(): null

2018-06-11 15:53:59 - [TEST_STEP][PASSED] - Statement - (count++): null

2018-06-11 15:53:59 - [TEST_STEP][PASSED] - Statement - If (count > 60): null

2018-06-11 15:53:59 - [TEST_STEP][PASSED] - Statement - txt = grouplist.get(i).getText(): null

2018-06-11 15:53:59 - [TEST_STEP][PASSED] - Statement - index = i + 1: null

2018-06-11 15:53:59 - [TEST_STEP][PASSED] - Statement - matched = pattern.matcher(txt).matches(): null

2018-06-11 15:53:59 - [TEST_STEP][PASSED] - Statement - If (matched): null

2018-06-11 15:53:59 - [TEST_STEP][PASSED] - Statement - driver.findElement(org.openqa.selenium.By.xpath("(//ul[@class='unlinked-grouplist']/li/label)[" + index + "]")).click(): null

2018-06-11 15:53:59 - [TEST_STEP][PASSED] - Statement - (count++): null

2018-06-11 15:53:59 - [TEST_STEP][PASSED] - Statement - If (count > 60): null

2018-06-11 15:53:59 - [TEST_STEP][PASSED] - Statement - txt = grouplist.get(i).getText(): null

2018-06-11 15:53:59 - [TEST_STEP][PASSED] - Statement - index = i + 1: null

2018-06-11 15:53:59 - [TEST_STEP][PASSED] - Statement - matched = pattern.matcher(txt).matches(): null

2018-06-11 15:53:59 - [TEST_STEP][PASSED] - Statement - If (matched): null

2018-06-11 15:53:59 - [TEST_STEP][PASSED] - Statement - driver.findElement(org.openqa.selenium.By.xpath("(//ul[@class='unlinked-grouplist']/li/label)[" + index + "]")).click(): null

2018-06-11 15:53:59 - [TEST_STEP][PASSED] - Statement - (count++): null

2018-06-11 15:53:59 - [TEST_STEP][PASSED] - Statement - If (count > 60): null

2018-06-11 15:53:59 - [TEST_STEP][PASSED] - Statement - txt = grouplist.get(i).getText(): null

2018-06-11 15:53:59 - [TEST_STEP][PASSED] - Statement - index = i + 1: null

2018-06-11 15:53:59 - [TEST_STEP][PASSED] - Statement - matched = pattern.matcher(txt).matches(): null

2018-06-11 15:53:59 - [TEST_STEP][PASSED] - Statement - If (matched): null

2018-06-11 15:53:59 - [TEST_STEP][PASSED] - Statement - driver.findElement(org.openqa.selenium.By.xpath("(//ul[@class='unlinked-grouplist']/li/label)[" + index + "]")).click(): null

2018-06-11 15:53:59 - [TEST_STEP][PASSED] - Statement - (count++): null

2018-06-11 15:53:59 - [TEST_STEP][PASSED] - Statement - If (count > 60): null

2018-06-11 15:53:59 - [TEST_STEP][PASSED] - Statement - txt = grouplist.get(i).getText(): null

2018-06-11 15:53:59 - [TEST_STEP][PASSED] - Statement - index = i + 1: null

2018-06-11 15:53:59 - [TEST_STEP][PASSED] - Statement - matched = pattern.matcher(txt).matches(): null

2018-06-11 15:53:59 - [TEST_STEP][PASSED] - Statement - If (matched): null

2018-06-11 15:53:59 - [TEST_STEP][PASSED] - Statement - driver.findElement(org.openqa.selenium.By.xpath("(//ul[@class='unlinked-grouplist']/li/label)[" + index + "]")).click(): null

2018-06-11 15:53:59 - [TEST_STEP][PASSED] - Statement - (count++): null

2018-06-11 15:53:59 - [TEST_STEP][PASSED] - Statement - If (count > 60): null

2018-06-11 15:53:59 - [TEST_STEP][PASSED] - Statement - txt = grouplist.get(i).getText(): null

2018-06-11 15:53:59 - [TEST_STEP][PASSED] - Statement - index = i + 1: null

2018-06-11 15:53:59 - [TEST_STEP][PASSED] - Statement - matched = pattern.matcher(txt).matches(): null

2018-06-11 15:53:59 - [TEST_STEP][PASSED] - Statement - If (matched): null

2018-06-11 15:53:59 - [TEST_STEP][PASSED] - Statement - driver.findElement(org.openqa.selenium.By.xpath("(//ul[@class='unlinked-grouplist']/li/label)[" + index + "]")).click(): null

2018-06-11 15:53:59 - [TEST_STEP][PASSED] - Statement - (count++): null

2018-06-11 15:53:59 - [TEST_STEP][PASSED] - Statement - If (count > 60): null

2018-06-11 15:53:59 - [TEST_STEP][PASSED] - Statement - txt = grouplist.get(i).getText(): null

2018-06-11 15:53:59 - [TEST_STEP][PASSED] - Statement - index = i + 1: null

2018-06-11 15:53:59 - [TEST_STEP][PASSED] - Statement - matched = pattern.matcher(txt).matches(): null

2018-06-11 15:53:59 - [TEST_STEP][PASSED] - Statement - If (matched): null

2018-06-11 15:53:59 - [TEST_STEP][PASSED] - Statement - driver.findElement(org.openqa.selenium.By.xpath("(//ul[@class='unlinked-grouplist']/li/label)[" + index + "]")).click(): null

2018-06-11 15:53:59 - [TEST_STEP][PASSED] - Statement - (count++): null

2018-06-11 15:53:59 - [TEST_STEP][PASSED] - Statement - If (count > 60): null

2018-06-11 15:53:59 - [TEST_STEP][PASSED] - Statement - txt = grouplist.get(i).getText(): null

2018-06-11 15:53:59 - [TEST_STEP][PASSED] - Statement - index = i + 1: null

2018-06-11 15:53:59 - [TEST_STEP][PASSED] - Statement - matched = pattern.matcher(txt).matches(): null

2018-06-11 15:53:59 - [TEST_STEP][PASSED] - Statement - If (matched): null

2018-06-11 15:53:59 - [TEST_STEP][PASSED] - Statement - driver.findElement(org.openqa.selenium.By.xpath("(//ul[@class='unlinked-grouplist']/li/label)[" + index + "]")).click(): null

2018-06-11 15:53:59 - [TEST_STEP][PASSED] - Statement - (count++): null

2018-06-11 15:53:59 - [TEST_STEP][PASSED] - Statement - If (count > 60): null

2018-06-11 15:53:59 - [TEST_STEP][PASSED] - Statement - txt = grouplist.get(i).getText(): null

2018-06-11 15:53:59 - [TEST_STEP][PASSED] - Statement - index = i + 1: null

2018-06-11 15:53:59 - [TEST_STEP][PASSED] - Statement - matched = pattern.matcher(txt).matches(): null

2018-06-11 15:53:59 - [TEST_STEP][PASSED] - Statement - If (matched): null

2018-06-11 15:53:59 - [TEST_STEP][PASSED] - Statement - driver.findElement(org.openqa.selenium.By.xpath("(//ul[@class='unlinked-grouplist']/li/label)[" + index + "]")).click(): null

2018-06-11 15:53:59 - [TEST_STEP][PASSED] - Statement - (count++): null

2018-06-11 15:53:59 - [TEST_STEP][PASSED] - Statement - If (count > 60): null

2018-06-11 15:53:59 - [TEST_STEP][PASSED] - Statement - txt = grouplist.get(i).getText(): null

2018-06-11 15:54:00 - [TEST_STEP][PASSED] - Statement - index = i + 1: null

2018-06-11 15:54:00 - [TEST_STEP][PASSED] - Statement - matched = pattern.matcher(txt).matches(): null

2018-06-11 15:54:00 - [TEST_STEP][PASSED] - Statement - If (matched): null

2018-06-11 15:54:00 - [TEST_STEP][PASSED] - Statement - driver.findElement(org.openqa.selenium.By.xpath("(//ul[@class='unlinked-grouplist']/li/label)[" + index + "]")).click(): null

2018-06-11 15:54:00 - [TEST_STEP][PASSED] - Statement - (count++): null

2018-06-11 15:54:00 - [TEST_STEP][PASSED] - Statement - If (count > 60): null

2018-06-11 15:54:00 - [TEST_STEP][PASSED] - Statement - txt = grouplist.get(i).getText(): null

2018-06-11 15:54:00 - [TEST_STEP][PASSED] - Statement - index = i + 1: null

2018-06-11 15:54:00 - [TEST_STEP][PASSED] - Statement - matched = pattern.matcher(txt).matches(): null

2018-06-11 15:54:00 - [TEST_STEP][PASSED] - Statement - If (matched): null

2018-06-11 15:54:00 - [TEST_STEP][PASSED] - Statement - driver.findElement(org.openqa.selenium.By.xpath("(//ul[@class='unlinked-grouplist']/li/label)[" + index + "]")).click(): null

2018-06-11 15:54:00 - [TEST_STEP][PASSED] - Statement - (count++): null

2018-06-11 15:54:00 - [TEST_STEP][PASSED] - Statement - If (count > 60): null

2018-06-11 15:54:00 - [TEST_STEP][PASSED] - Statement - txt = grouplist.get(i).getText(): null

2018-06-11 15:54:00 - [TEST_STEP][PASSED] - Statement - index = i + 1: null

2018-06-11 15:54:00 - [TEST_STEP][PASSED] - Statement - matched = pattern.matcher(txt).matches(): null

2018-06-11 15:54:00 - [TEST_STEP][PASSED] - Statement - If (matched): null

2018-06-11 15:54:00 - [TEST_STEP][PASSED] - Statement - driver.findElement(org.openqa.selenium.By.xpath("(//ul[@class='unlinked-grouplist']/li/label)[" + index + "]")).click(): null

2018-06-11 15:54:00 - [TEST_STEP][PASSED] - Statement - (count++): null

2018-06-11 15:54:00 - [TEST_STEP][PASSED] - Statement - If (count > 60): null

2018-06-11 15:54:00 - [TEST_STEP][PASSED] - Statement - txt = grouplist.get(i).getText(): null

2018-06-11 15:54:00 - [TEST_STEP][PASSED] - Statement - index = i + 1: null

2018-06-11 15:54:00 - [TEST_STEP][PASSED] - Statement - matched = pattern.matcher(txt).matches(): null

2018-06-11 15:54:00 - [TEST_STEP][PASSED] - Statement - If (matched): null

2018-06-11 15:54:00 - [TEST_STEP][PASSED] - Statement - driver.findElement(org.openqa.selenium.By.xpath("(//ul[@class='unlinked-grouplist']/li/label)[" + index + "]")).click(): null

2018-06-11 15:54:00 - [TEST_STEP][PASSED] - Statement - (count++): null

2018-06-11 15:54:00 - [TEST_STEP][PASSED] - Statement - If (count > 60): null

2018-06-11 15:54:00 - [TEST_STEP][PASSED] - Statement - txt = grouplist.get(i).getText(): null

2018-06-11 15:54:00 - [TEST_STEP][PASSED] - Statement - index = i + 1: null

2018-06-11 15:54:00 - [TEST_STEP][PASSED] - Statement - matched = pattern.matcher(txt).matches(): null

2018-06-11 15:54:00 - [TEST_STEP][PASSED] - Statement - If (matched): null

2018-06-11 15:54:00 - [TEST_STEP][PASSED] - Statement - driver.findElement(org.openqa.selenium.By.xpath("(//ul[@class='unlinked-grouplist']/li/label)[" + index + "]")).click(): null

2018-06-11 15:54:00 - [TEST_STEP][PASSED] - Statement - (count++): null

2018-06-11 15:54:00 - [TEST_STEP][PASSED] - Statement - If (count > 60): null

2018-06-11 15:54:00 - [TEST_STEP][PASSED] - Statement - txt = grouplist.get(i).getText(): null

2018-06-11 15:54:00 - [TEST_STEP][PASSED] - Statement - index = i + 1: null

2018-06-11 15:54:00 - [TEST_STEP][PASSED] - Statement - matched = pattern.matcher(txt).matches(): null

2018-06-11 15:54:00 - [TEST_STEP][PASSED] - Statement - If (matched): null

2018-06-11 15:54:00 - [TEST_STEP][PASSED] - Statement - driver.findElement(org.openqa.selenium.By.xpath("(//ul[@class='unlinked-grouplist']/li/label)[" + index + "]")).click(): null

2018-06-11 15:54:00 - [TEST_STEP][PASSED] - Statement - (count++): null

2018-06-11 15:54:00 - [TEST_STEP][PASSED] - Statement - If (count > 60): null

2018-06-11 15:54:00 - [TEST_STEP][PASSED] - Statement - txt = grouplist.get(i).getText(): null

2018-06-11 15:54:00 - [TEST_STEP][PASSED] - Statement - index = i + 1: null

2018-06-11 15:54:00 - [TEST_STEP][PASSED] - Statement - matched = pattern.matcher(txt).matches(): null

2018-06-11 15:54:00 - [TEST_STEP][PASSED] - Statement - If (matched): null

2018-06-11 15:54:00 - [TEST_STEP][PASSED] - Statement - driver.findElement(org.openqa.selenium.By.xpath("(//ul[@class='unlinked-grouplist']/li/label)[" + index + "]")).click(): null

2018-06-11 15:54:00 - [TEST_STEP][PASSED] - Statement - (count++): null

2018-06-11 15:54:00 - [TEST_STEP][PASSED] - Statement - If (count > 60): null

2018-06-11 15:54:00 - [TEST_STEP][PASSED] - Statement - txt = grouplist.get(i).getText(): null

2018-06-11 15:54:00 - [TEST_STEP][PASSED] - Statement - index = i + 1: null

2018-06-11 15:54:00 - [TEST_STEP][PASSED] - Statement - matched = pattern.matcher(txt).matches(): null

2018-06-11 15:54:00 - [TEST_STEP][PASSED] - Statement - If (matched): null

2018-06-11 15:54:00 - [TEST_STEP][PASSED] - Statement - driver.findElement(org.openqa.selenium.By.xpath("(//ul[@class='unlinked-grouplist']/li/label)[" + index + "]")).click(): null

2018-06-11 15:54:00 - [TEST_STEP][PASSED] - Statement - (count++): null

2018-06-11 15:54:00 - [TEST_STEP][PASSED] - Statement - If (count > 60): null

2018-06-11 15:54:00 - [TEST_STEP][PASSED] - Statement - txt = grouplist.get(i).getText(): null

2018-06-11 15:54:00 - [TEST_STEP][PASSED] - Statement - index = i + 1: null

2018-06-11 15:54:00 - [TEST_STEP][PASSED] - Statement - matched = pattern.matcher(txt).matches(): null

2018-06-11 15:54:00 - [TEST_STEP][PASSED] - Statement - If (matched): null

2018-06-11 15:54:00 - [TEST_STEP][PASSED] - Statement - driver.findElement(org.openqa.selenium.By.xpath("(//ul[@class='unlinked-grouplist']/li/label)[" + index + "]")).click(): null

2018-06-11 15:54:00 - [TEST_STEP][PASSED] - Statement - (count++): null

2018-06-11 15:54:00 - [TEST_STEP][PASSED] - Statement - If (count > 60): null

2018-06-11 15:54:00 - [TEST_STEP][PASSED] - Statement - txt = grouplist.get(i).getText(): null

2018-06-11 15:54:00 - [TEST_STEP][PASSED] - Statement - index = i + 1: null

2018-06-11 15:54:00 - [TEST_STEP][PASSED] - Statement - matched = pattern.matcher(txt).matches(): null

2018-06-11 15:54:00 - [TEST_STEP][PASSED] - Statement - If (matched): null

2018-06-11 15:54:00 - [TEST_STEP][PASSED] - Statement - driver.findElement(org.openqa.selenium.By.xpath("(//ul[@class='unlinked-grouplist']/li/label)[" + index + "]")).click(): null

2018-06-11 15:54:00 - [TEST_STEP][PASSED] - Statement - (count++): null

2018-06-11 15:54:00 - [TEST_STEP][PASSED] - Statement - If (count > 60): null

2018-06-11 15:54:00 - [TEST_STEP][PASSED] - Statement - txt = grouplist.get(i).getText(): null

2018-06-11 15:54:00 - [TEST_STEP][PASSED] - Statement - index = i + 1: null

2018-06-11 15:54:00 - [TEST_STEP][PASSED] - Statement - matched = pattern.matcher(txt).matches(): null

2018-06-11 15:54:00 - [TEST_STEP][PASSED] - Statement - If (matched): null

2018-06-11 15:54:00 - [TEST_STEP][PASSED] - Statement - driver.findElement(org.openqa.selenium.By.xpath("(//ul[@class='unlinked-grouplist']/li/label)[" + index + "]")).click(): null

2018-06-11 15:54:00 - [TEST_STEP][PASSED] - Statement - (count++): null

2018-06-11 15:54:00 - [TEST_STEP][PASSED] - Statement - If (count > 60): null

2018-06-11 15:54:00 - [TEST_STEP][PASSED] - Statement - txt = grouplist.get(i).getText(): null

2018-06-11 15:54:00 - [TEST_STEP][PASSED] - Statement - index = i + 1: null

2018-06-11 15:54:00 - [TEST_STEP][PASSED] - Statement - matched = pattern.matcher(txt).matches(): null

2018-06-11 15:54:00 - [TEST_STEP][PASSED] - Statement - If (matched): null

2018-06-11 15:54:00 - [TEST_STEP][PASSED] - Statement - driver.findElement(org.openqa.selenium.By.xpath("(//ul[@class='unlinked-grouplist']/li/label)[" + index + "]")).click(): null

2018-06-11 15:54:00 - [TEST_STEP][PASSED] - Statement - (count++): null

2018-06-11 15:54:00 - [TEST_STEP][PASSED] - Statement - If (count > 60): null

2018-06-11 15:54:00 - [TEST_STEP][PASSED] - Statement - txt = grouplist.get(i).getText(): null

2018-06-11 15:54:00 - [TEST_STEP][PASSED] - Statement - index = i + 1: null

2018-06-11 15:54:00 - [TEST_STEP][PASSED] - Statement - matched = pattern.matcher(txt).matches(): null

2018-06-11 15:54:00 - [TEST_STEP][PASSED] - Statement - If (matched): null

[...]

2018-06-11 16:16:42 - [TEST_STEP][PASSED] - uiaction.CommonUIActions.click: uiaction.CommonUIActions.click is PASSED

2018-06-11 16:16:53 - [MESSAGE][PASSED] - uiaction.CommonUIActions.click is PASSED

2018-06-11 16:16:53 - [TEST_STEP][PASSED] - Statement - actual = com.kms.katalon.core.webui.keyword.WebUiBuiltInKeywords.getText(com.kms.katalon.core.testobject.ObjectRepository.findTestObject(Language/L_DashboardPage/dashboardHeaderMessage)): Text of object 'Object Repository/Language/L_DashboardPage/dashboardHeaderMessage' is: 'HME CLOUD DASHBOARD'

2018-06-11 16:16:53 - [MESSAGE][PASSED] - Text of object 'Object Repository/Language/L_DashboardPage/dashboardHeaderMessage' is: 'HME CLOUD DASHBOARD'

2018-06-11 16:16:53 - [TEST_STEP][FAILED] - verifyMatch: Unable to verify match between actual text 'HME CLOUD DASHBOARD' and expected text 'TABLEAU DE BORD HME CLOUD' (Root cause: Actual text 'HME CLOUD DASHBOARD' and expected text 'TABLEAU DE BORD HME CLOUD' are not matched)

2018-06-11 16:16:53 - [MESSAGE][PASSED] - projectSpecific.Reusability.getTestData is PASSED

2018-06-11 16:16:53 - [MESSAGE][FAILED] - Unable to verify match between actual text 'HME CLOUD DASHBOARD' and expected text 'TABLEAU DE BORD HME CLOUD' (Root cause: Actual text 'HME CLOUD DASHBOARD' and expected text 'TABLEAU DE BORD HME CLOUD' are not matched)

2018-06-11 16:16:53 - [TEST_STEP][PASSED] - uiaction.CommonUIActions.click: uiaction.CommonUIActions.click is PASSED

2018-06-11 16:16:55 - [MESSAGE][PASSED] - uiaction.CommonUIActions.click is PASSED

2018-06-11 16:16:55 - [TEST_STEP][PASSED] - uiaction.CommonUIActions.click: uiaction.CommonUIActions.click is PASSED

2018-06-11 16:16:57 - [MESSAGE][PASSED] - uiaction.CommonUIActions.click is PASSED

2018-06-11 16:16:57 - [TEST_STEP][PASSED] - delay: Delayed 10 second(s)

2018-06-11 16:17:07 - [MESSAGE][PASSED] - Delayed 10 second(s)

2018-06-11 16:17:07 - [TEST_STEP][PASSED] - uiaction.CommonUIActions.click: uiaction.CommonUIActions.click is PASSED

2018-06-11 16:17:09 - [MESSAGE][PASSED] - uiaction.CommonUIActions.click is PASSED

2018-06-11 16:17:09 - [TEST_STEP][PASSED] - uiaction.CommonUIActions.click: uiaction.CommonUIActions.click is PASSED

2018-06-11 16:17:10 - [MESSAGE][PASSED] - uiaction.CommonUIActions.click is PASSED

2018-06-11 16:17:10 - [TEST_STEP][PASSED] - uiaction.CommonUIActions.click: uiaction.CommonUIActions.click is PASSED

2018-06-11 16:17:16 - [MESSAGE][PASSED] - uiaction.CommonUIActions.click is PASSED

2018-06-11 16:17:16 - [TEST_STEP][PASSED] - Statement - errormessage = com.kms.katalon.core.webui.keyword.WebUiBuiltInKeywords.getText(com.kms.katalon.core.testobject.ObjectRepository.findTestObject(Language/L_RolesPage/roleName_ErrorMsg)): Text of object 'Object Repository/Language/L_RolesPage/roleName_ErrorMsg' is: 'Role name may not be blank.'

2018-06-11 16:17:16 - [MESSAGE][PASSED] - Text of object 'Object Repository/Language/L_RolesPage/roleName_ErrorMsg' is: 'Role name may not be blank.'

2018-06-11 16:17:16 - [TEST_STEP][PASSED] - Statement - actual = com.kms.katalon.core.webui.keyword.WebUiBuiltInKeywords.getText(com.kms.katalon.core.testobject.ObjectRepository.findTestObject(Language/L_RolesPage/roleName_ErrorMsg)): Text of object 'Object Repository/Language/L_RolesPage/roleName_ErrorMsg' is: 'Role name may not be blank.'

2018-06-11 16:17:16 - [MESSAGE][PASSED] - Text of object 'Object Repository/Language/L_RolesPage/roleName_ErrorMsg' is: 'Role name may not be blank.'

2018-06-11 16:17:16 - [TEST_STEP][FAILED] - verifyMatch: Unable to verify match between actual text 'Role name may not be blank.' and expected text 'Vous devez indiquer un nom de rôle' (Root cause: Actual text 'Role name may not be blank.' and expected text 'Vous devez indiquer un nom de rôle' are not matched)

2018-06-11 16:17:16 - [MESSAGE][PASSED] - projectSpecific.Reusability.getTestData is PASSED

2018-06-11 16:17:16 - [MESSAGE][FAILED] - Unable to verify match between actual text 'Role name may not be blank.' and expected text 'Vous devez indiquer un nom de rôle' (Root cause: Actual text 'Role name may not be blank.' and expected text 'Vous devez indiquer un nom de rôle' are not matched)

2018-06-11 16:17:16 - [TEST_STEP][PASSED] - uiaction.CommonUIActions.click: uiaction.CommonUIActions.click is PASSED

2018-06-11 16:17:18 - [MESSAGE][PASSED] - uiaction.CommonUIActions.click is PASSED

2018-06-11 16:17:18 - [TEST_STEP][PASSED] - uiaction.CommonUIActions.click: uiaction.CommonUIActions.click is PASSED

2018-06-11 16:17:31 - [MESSAGE][PASSED] - uiaction.CommonUIActions.click is PASSED

2018-06-11 16:17:31 - [TEST_STEP][PASSED] - uiaction.CommonUIActions.click: uiaction.CommonUIActions.click is PASSED

2018-06-11 16:17:31 - [MESSAGE][PASSED] - uiaction.CommonUIActions.click is PASSED

2018-06-11 16:17:31 - [TEST_STEP][PASSED] - uiaction.CommonUIActions.click: uiaction.CommonUIActions.click is PASSED

2018-06-11 16:17:33 - [MESSAGE][PASSED] - uiaction.CommonUIActions.click is PASSED

2018-06-11 16:17:33 - [TEST_STEP][PASSED] - scrollToPosition: Browser is scrolled to position x = 100, y = 1000

2018-06-11 16:17:33 - [MESSAGE][PASSED] - Browser is scrolled to position x = 100, y = 1000

2018-06-11 16:17:33 - [TEST_STEP][PASSED] - uiaction.CommonUIActions.click: uiaction.CommonUIActions.click is PASSED

2018-06-11 16:17:33 - [MESSAGE][PASSED] - uiaction.CommonUIActions.click is PASSED

2018-06-11 16:17:33 - [TEST_STEP][PASSED] - delay: Delayed 10 second(s)

2018-06-11 16:17:43 - [MESSAGE][PASSED] - Delayed 10 second(s)

2018-06-11 16:17:43 - [TEST_STEP][PASSED] - Statement - actual = com.kms.katalon.core.webui.keyword.WebUiBuiltInKeywords.getText(com.kms.katalon.core.testobject.ObjectRepository.findTestObject(Language/L_ReportingGroupManagementPage/delete_PopupMessage)): Text of object 'Object Repository/Language/L_ReportingGroupManagementPage/delete_PopupMessage' is: 'Confirm to Delete'

2018-06-11 16:17:43 - [MESSAGE][PASSED] - Text of object 'Object Repository/Language/L_ReportingGroupManagementPage/delete_PopupMessage' is: 'Confirm to Delete'

2018-06-11 16:17:43 - [TEST_STEP][FAILED] - verifyMatch: Unable to verify match between actual text 'Confirm to Delete' and expected text 'Confirmer pour supprimer' (Root cause: Actual text 'Confirm to Delete' and expected text 'Confirmer pour supprimer' are not matched)

2018-06-11 16:17:43 - [MESSAGE][PASSED] - projectSpecific.Reusability.getTestData is PASSED

2018-06-11 16:17:43 - [MESSAGE][FAILED] - Unable to verify match between actual text 'Confirm to Delete' and expected text 'Confirmer pour supprimer' (Root cause: Actual text 'Confirm to Delete' and expected text 'Confirmer pour supprimer' are not matched)

2018-06-11 16:17:43 - [TEST_STEP][PASSED] - uiaction.CommonUIActions.click: uiaction.CommonUIActions.click is PASSED

2018-06-11 16:17:43 - [MESSAGE][PASSED] - uiaction.CommonUIActions.click is PASSED

2018-06-11 16:17:43 - [TEST_STEP][PASSED] - uiaction.CommonUIActions.click: uiaction.CommonUIActions.click is PASSED

2018-06-11 16:17:43 - [MESSAGE][PASSED] - uiaction.CommonUIActions.click is PASSED

2018-06-11 16:17:43 - [TEST_STEP][PASSED] - delay: Delayed 10 second(s)

2018-06-11 16:17:53 - [MESSAGE][PASSED] - Delayed 10 second(s)

2018-06-11 16:17:53 - [TEST_STEP][PASSED] - uiaction.CommonUIActions.click: uiaction.CommonUIActions.click is PASSED

2018-06-11 16:17:57 - [MESSAGE][PASSED] - uiaction.CommonUIActions.click is PASSED

2018-06-11 16:17:57 - [TEST_STEP][PASSED] - uiaction.CommonUIActions.click: uiaction.CommonUIActions.click is PASSED

2018-06-11 16:18:04 - [MESSAGE][PASSED] - uiaction.CommonUIActions.click is PASSED

2018-06-11 16:18:04 - [TEST_STEP][PASSED] - uiaction.CommonUIActions.click: uiaction.CommonUIActions.click is PASSED

2018-06-11 16:18:04 - [MESSAGE][PASSED] - uiaction.CommonUIActions.click is PASSED

2018-06-11 16:18:04 - [TEST_STEP][PASSED] - Statement - actual = com.kms.katalon.core.webui.keyword.WebUiBuiltInKeywords.getText(com.kms.katalon.core.testobject.ObjectRepository.findTestObject(Language/L_DashboardPage/laneTotal)): Text of object 'Object Repository/Language/L_DashboardPage/laneTotal' is: 'Lane Total'

2018-06-11 16:18:04 - [MESSAGE][PASSED] - Text of object 'Object Repository/Language/L_DashboardPage/laneTotal' is: 'Lane Total'

2018-06-11 16:18:04 - [TEST_STEP][FAILED] - verifyMatch: Unable to verify match between actual text 'Lane Total' and expected text 'Total allée' (Root cause: Actual text 'Lane Total' and expected text 'Total allée' are not matched)

2018-06-11 16:18:04 - [MESSAGE][PASSED] - projectSpecific.Reusability.getTestData is PASSED

2018-06-11 16:18:04 - [MESSAGE][FAILED] - Unable to verify match between actual text 'Lane Total' and expected text 'Total allée' (Root cause: Actual text 'Lane Total' and expected text 'Total allée' are not matched)

2018-06-11 16:18:04 - [TEST_STEP][PASSED] - Statement - actual = com.kms.katalon.core.webui.keyword.WebUiBuiltInKeywords.getText(com.kms.katalon.core.testobject.ObjectRepository.findTestObject(Language/L_DashboardPage/laneTotal2)): Text of object 'Object Repository/Language/L_DashboardPage/laneTotal2' is: 'Lane Total 2'

2018-06-11 16:18:04 - [MESSAGE][PASSED] - Text of object 'Object Repository/Language/L_DashboardPage/laneTotal2' is: 'Lane Total 2'

2018-06-11 16:18:04 - [TEST_STEP][FAILED] - verifyMatch: Unable to verify match between actual text 'Lane Total 2' and expected text 'Total de l'allée 2' (Root cause: Actual text 'Lane Total 2' and expected text 'Total de l'allée 2' are not matched)

2018-06-11 16:18:04 - [MESSAGE][PASSED] - projectSpecific.Reusability.getTestData is PASSED

2018-06-11 16:18:04 - [MESSAGE][FAILED] - Unable to verify match between actual text 'Lane Total 2' and expected text 'Total de l'allée 2' (Root cause: Actual text 'Lane Total 2' and expected text 'Total de l'allée 2' are not matched)

2018-06-11 16:18:04 - [TEST_STEP][PASSED] - uiaction.CommonUIActions.click: uiaction.CommonUIActions.click is PASSED

2018-06-11 16:18:06 - [MESSAGE][PASSED] - uiaction.CommonUIActions.click is PASSED

2018-06-11 16:18:06 - [TEST_STEP][PASSED] - Statement - actual = com.kms.katalon.core.webui.keyword.WebUiBuiltInKeywords.getText(com.kms.katalon.core.testobject.ObjectRepository.findTestObject(Language/L_HomePage/welcomelink)): Text of object 'Object Repository/Language/L_HomePage/welcomelink' is: 'WELCOME'

2018-06-11 16:18:06 - [MESSAGE][PASSED] - Text of object 'Object Repository/Language/L_HomePage/welcomelink' is: 'WELCOME'

2018-06-11 16:18:06 - [TEST_STEP][FAILED] - verifyMatch: Unable to verify match between actual text 'WELCOME' and expected text 'BIENVENUE' (Root cause: Actual text 'WELCOME' and expected text 'BIENVENUE' are not matched)

2018-06-11 16:18:06 - [MESSAGE][PASSED] - projectSpecific.Reusability.getTestData is PASSED

2018-06-11 16:18:06 - [MESSAGE][FAILED] - Unable to verify match between actual text 'WELCOME' and expected text 'BIENVENUE' (Root cause: Actual text 'WELCOME' and expected text 'BIENVENUE' are not matched)

2018-06-11 16:18:06 - [TEST_STEP][PASSED] - Statement - actual = com.kms.katalon.core.webui.keyword.WebUiBuiltInKeywords.getText(com.kms.katalon.core.testobject.ObjectRepository.findTestObject(Language/L_HomePage/dashboard)): Text of object 'Object Repository/Language/L_HomePage/dashboard' is: 'ZOOM DASHBOARD'

2018-06-11 16:18:06 - [MESSAGE][PASSED] - Text of object 'Object Repository/Language/L_HomePage/dashboard' is: 'ZOOM DASHBOARD'

2018-06-11 16:18:06 - [TEST_STEP][FAILED] - verifyMatch: Unable to verify match between actual text 'ZOOM DASHBOARD' and expected text 'TABLEAU DE BORD ZOOM' (Root cause: Actual text 'ZOOM DASHBOARD' and expected text 'TABLEAU DE BORD ZOOM' are not matched)

2018-06-11 16:18:06 - [MESSAGE][PASSED] - projectSpecific.Reusability.getTestData is PASSED

2018-06-11 16:18:06 - [MESSAGE][FAILED] - Unable to verify match between actual text 'ZOOM DASHBOARD' and expected text 'TABLEAU DE BORD ZOOM' (Root cause: Actual text 'ZOOM DASHBOARD' and expected text 'TABLEAU DE BORD ZOOM' are not matched)

2018-06-11 16:18:06 - [TEST_STEP][PASSED] - Statement - actual = com.kms.katalon.core.webui.keyword.WebUiBuiltInKeywords.getText(com.kms.katalon.core.testobject.ObjectRepository.findTestObject(Language/L_HomePage/reports_Header)): Text of object 'Object Repository/Language/L_HomePage/reports_Header' is: 'REPORTS'

2018-06-11 16:18:06 - [MESSAGE][PASSED] - Text of object 'Object Repository/Language/L_HomePage/reports_Header' is: 'REPORTS'

2018-06-11 16:18:06 - [TEST_STEP][FAILED] - verifyMatch: Unable to verify match between actual text 'REPORTS' and expected text 'RAPPORTS' (Root cause: Actual text 'REPORTS' and expected text 'RAPPORTS' are not matched)

2018-06-11 16:18:06 - [MESSAGE][PASSED] - projectSpecific.Reusability.getTestData is PASSED

2018-06-11 16:18:06 - [MESSAGE][FAILED] - Unable to verify match between actual text 'REPORTS' and expected text 'RAPPORTS' (Root cause: Actual text 'REPORTS' and expected text 'RAPPORTS' are not matched)

2018-06-11 16:18:06 - [TEST_STEP][PASSED] - Statement - actual = com.kms.katalon.core.webui.keyword.WebUiBuiltInKeywords.getText(com.kms.katalon.core.testobject.ObjectRepository.findTestObject(Language/L_HomePage/myAccount_Header)): Text of object 'Object Repository/Language/L_HomePage/myAccount_Header' is: 'MY ACCOUNT'

2018-06-11 16:18:06 - [MESSAGE][PASSED] - Text of object 'Object Repository/Language/L_HomePage/myAccount_Header' is: 'MY ACCOUNT'

2018-06-11 16:18:06 - [TEST_STEP][FAILED] - verifyMatch: Unable to verify match between actual text 'MY ACCOUNT' and expected text 'MON COMPTE' (Root cause: Actual text 'MY ACCOUNT' and expected text 'MON COMPTE' are not matched)

2018-06-11 16:18:06 - [MESSAGE][PASSED] - projectSpecific.Reusability.getTestData is PASSED

2018-06-11 16:18:06 - [MESSAGE][FAILED] - Unable to verify match between actual text 'MY ACCOUNT' and expected text 'MON COMPTE' (Root cause: Actual text 'MY ACCOUNT' and expected text 'MON COMPTE' are not matched)

2018-06-11 16:18:06 - [TEST_STEP][PASSED] - Statement - actual = com.kms.katalon.core.webui.keyword.WebUiBuiltInKeywords.getText(com.kms.katalon.core.testobject.ObjectRepository.findTestObject(Language/L_HomePage/settings_Header)): Text of object 'Object Repository/Language/L_HomePage/settings_Header' is: 'SETTINGS'

2018-06-11 16:18:06 - [MESSAGE][PASSED] - Text of object 'Object Repository/Language/L_HomePage/settings_Header' is: 'SETTINGS'

2018-06-11 16:18:06 - [TEST_STEP][FAILED] - verifyMatch: Unable to verify match between actual text 'SETTINGS' and expected text 'PARAMÈTRES' (Root cause: Actual text 'SETTINGS' and expected text 'PARAMÈTRES' are not matched)

2018-06-11 16:18:06 - [MESSAGE][PASSED] - projectSpecific.Reusability.getTestData is PASSED

2018-06-11 16:18:06 - [MESSAGE][FAILED] - Unable to verify match between actual text 'SETTINGS' and expected text 'PARAMÈTRES' (Root cause: Actual text 'SETTINGS' and expected text 'PARAMÈTRES' are not matched)

2018-06-11 16:18:06 - [TEST_STEP][PASSED] - scrollToPosition: Browser is scrolled to position x = 100, y = 1000

2018-06-11 16:18:06 - [MESSAGE][PASSED] - Browser is scrolled to position x = 100, y = 1000

2018-06-11 16:18:06 - [TEST_STEP][PASSED] - delay: Delayed 5 second(s)

2018-06-11 16:18:11 - [MESSAGE][PASSED] - Delayed 5 second(s)

2018-06-11 16:18:11 - [TEST_STEP][PASSED] - Statement - actual = com.kms.katalon.core.webui.keyword.WebUiBuiltInKeywords.getText(com.kms.katalon.core.testobject.ObjectRepository.findTestObject(Language/L_HomePage/privacyPolicy_Footer)): Text of object 'Object Repository/Language/L_HomePage/privacyPolicy_Footer' is: 'Privacy Policy'

2018-06-11 16:18:11 - [MESSAGE][PASSED] - Text of object 'Object Repository/Language/L_HomePage/privacyPolicy_Footer' is: 'Privacy Policy'

2018-06-11 16:18:11 - [TEST_STEP][FAILED] - verifyMatch: Unable to verify match between actual text 'Privacy Policy' and expected text 'Politique sur la protection des renseignements personnels' (Root cause: Actual text 'Privacy Policy' and expected text 'Politique sur la protection des renseignements personnels' are not matched)

2018-06-11 16:18:11 - [MESSAGE][PASSED] - projectSpecific.Reusability.getTestData is PASSED

2018-06-11 16:18:11 - [MESSAGE][FAILED] - Unable to verify match between actual text 'Privacy Policy' and expected text 'Politique sur la protection des renseignements personnels' (Root cause: Actual text 'Privacy Policy' and expected text 'Politique sur la protection des renseignements personnels' are not matched)

2018-06-11 16:18:11 - [TEST_STEP][PASSED] - uiaction.CommonUIActions.click: uiaction.CommonUIActions.click is PASSED

2018-06-11 16:18:11 - [MESSAGE][PASSED] - uiaction.CommonUIActions.click is PASSED

2018-06-11 16:18:11 - [TEST_STEP][PASSED] - uiaction.CommonUIActions.click: uiaction.CommonUIActions.click is PASSED

2018-06-11 16:18:15 - [MESSAGE][PASSED] - uiaction.CommonUIActions.click is PASSED

2018-06-11 16:18:15 - [TEST_STEP][PASSED] - Statement - actual = com.kms.katalon.core.webui.keyword.WebUiBuiltInKeywords.getText(com.kms.katalon.core.testobject.ObjectRepository.findTestObject(Language/L_HelpPage/frequentlyAskedQues)): Text of object 'Object Repository/Language/L_HelpPage/frequentlyAskedQues' is: 'Frequently Asked Questions'

2018-06-11 16:18:15 - [MESSAGE][PASSED] - Text of object 'Object Repository/Language/L_HelpPage/frequentlyAskedQues' is: 'Frequently Asked Questions'

2018-06-11 16:18:15 - [TEST_STEP][FAILED] - verifyMatch: Unable to verify match between actual text 'Frequently Asked Questions' and expected text 'Questions fréquemment posées' (Root cause: Actual text 'Frequently Asked Questions' and expected text 'Questions fréquemment posées' are not matched)

2018-06-11 16:18:15 - [MESSAGE][PASSED] - projectSpecific.Reusability.getTestData is PASSED

2018-06-11 16:18:15 - [MESSAGE][FAILED] - Unable to verify match between actual text 'Frequently Asked Questions' and expected text 'Questions fréquemment posées' (Root cause: Actual text 'Frequently Asked Questions' and expected text 'Questions fréquemment posées' are not matched)

2018-06-11 16:18:15 - [TEST_STEP][PASSED] - Statement - assert TCflag == true: null

2018-06-11 16:18:15 - [TEST_STEP][PASSED] - Start listener action : sampleAfterTestCase: Browser is closed

2018-06-11 16:18:15 - [TEST_STEP][PASSED] - Statement - println(testCaseContext.getTestCaseId()): null

2018-06-11 16:18:15 - [TEST_STEP][PASSED] - Statement - println(testCaseContext.getTestCaseStatus()): null

2018-06-11 16:18:15 - [TEST_STEP][PASSED] - closeBrowser: Browser is closed

2018-06-11 16:18:16 - [MESSAGE][PASSED] - Browser is closed]]></system-out>
         <system-err><![CDATA[2018-06-11 16:09:59 - [TEST_CASE][FAILED] - Test Cases/MultilingualTC/HME-Multilingual-01: Test Cases/MultilingualTC/HME-Multilingual-01 FAILED because (of) Unable to verify match between actual text 'WELCOME' and expected text 'BIENVENUE' (Root cause: Actual text 'WELCOME' and expected text 'BIENVENUE' are not matched)]]></system-err>
      </testcase>
      <system-out><![CDATA[2018-06-11 15:41:26 - [TEST_SUITE][FAILED] - RegressionSuite: Test Cases/MultilingualTC/HME-Multilingual-01 FAILED because (of) Unable to verify match between actual text 'WELCOME' and expected text 'BIENVENUE' (Root cause: Actual text 'WELCOME' and expected text 'BIENVENUE' are not matched)]]></system-out>
      <system-err><![CDATA[2018-06-11 15:41:26 - [TEST_SUITE][FAILED] - RegressionSuite: Test Cases/MultilingualTC/HME-Multilingual-01 FAILED because (of) Unable to verify match between actual text 'WELCOME' and expected text 'BIENVENUE' (Root cause: Actual text 'WELCOME' and expected text 'BIENVENUE' are not matched)]]></system-err>
   </testsuite>
</testsuites>
